#! /usr/local/Cellar/icarus-verilog/11.0/bin/vvp
:ivl_version "11.0 (stable)";
:ivl_delay_selection "TYPICAL";
:vpi_time_precision - 1;
:vpi_module "/usr/local/Cellar/icarus-verilog/11.0/lib/ivl/system.vpi";
:vpi_module "/usr/local/Cellar/icarus-verilog/11.0/lib/ivl/vhdl_sys.vpi";
:vpi_module "/usr/local/Cellar/icarus-verilog/11.0/lib/ivl/vhdl_textio.vpi";
:vpi_module "/usr/local/Cellar/icarus-verilog/11.0/lib/ivl/v2005_math.vpi";
:vpi_module "/usr/local/Cellar/icarus-verilog/11.0/lib/ivl/va_math.vpi";
S_0x7fe90740ec50 .scope module, "TaskFour_tb" "TaskFour_tb" 2 5;
 .timescale 0 -1;
v0x7fe90742f1c0_0 .var "a", 3 0;
v0x7fe90742f270_0 .var "b", 3 0;
v0x7fe90742f300_0 .var "c", 0 0;
v0x7fe90742f3b0_0 .net "s0", 3 0, L_0x7fe907434020;  1 drivers
v0x7fe90742f440_0 .net "s1", 3 0, L_0x7fe907435710;  1 drivers
S_0x7fe90740edc0 .scope module, "Z1" "TaskFour" 2 14, 3 38 0, S_0x7fe90740ec50;
 .timescale 0 -1;
    .port_info 0 /INPUT 4 "a";
    .port_info 1 /INPUT 4 "b";
    .port_info 2 /INPUT 1 "c";
    .port_info 3 /OUTPUT 4 "s1";
    .port_info 4 /OUTPUT 4 "s0";
v0x7fe90742ec00_0 .net "a", 3 0, v0x7fe90742f1c0_0;  1 drivers
v0x7fe90742ecc0_0 .net "adderOutput", 4 0, L_0x7fe9074316a0;  1 drivers
v0x7fe90742eda0_0 .net "b", 3 0, v0x7fe90742f270_0;  1 drivers
v0x7fe90742ee30_0 .net "c", 0 0, v0x7fe90742f300_0;  1 drivers
v0x7fe90742ef00_0 .net "cWire", 2 0, L_0x7fe907430db0;  1 drivers
v0x7fe90742efd0_0 .net "s0", 3 0, L_0x7fe907434020;  alias, 1 drivers
v0x7fe90742f0a0_0 .net "s1", 3 0, L_0x7fe907435710;  alias, 1 drivers
L_0x7fe90742fa90 .part v0x7fe90742f1c0_0, 0, 1;
L_0x7fe90742fbb0 .part v0x7fe90742f270_0, 0, 1;
L_0x7fe907430190 .part v0x7fe90742f1c0_0, 1, 1;
L_0x7fe907430270 .part v0x7fe90742f270_0, 1, 1;
L_0x7fe907430390 .part L_0x7fe907430db0, 0, 1;
L_0x7fe907430990 .part v0x7fe90742f1c0_0, 2, 1;
L_0x7fe907430af0 .part v0x7fe90742f270_0, 2, 1;
L_0x7fe907430c90 .part L_0x7fe907430db0, 1, 1;
L_0x7fe907430db0 .concat8 [ 1 1 1 0], L_0x7fe90742f940, L_0x7fe907430040, L_0x7fe907430840;
L_0x7fe9074312a0 .part v0x7fe90742f1c0_0, 3, 1;
L_0x7fe907431380 .part v0x7fe90742f270_0, 3, 1;
L_0x7fe907431500 .part L_0x7fe907430db0, 2, 1;
LS_0x7fe9074316a0_0_0 .concat8 [ 1 1 1 1], L_0x7fe90742f600, L_0x7fe90742fdc0, L_0x7fe907430560, L_0x7fe907430f10;
LS_0x7fe9074316a0_0_4 .concat8 [ 1 0 0 0], L_0x7fe907431150;
L_0x7fe9074316a0 .concat8 [ 4 1 0 0], LS_0x7fe9074316a0_0_0, LS_0x7fe9074316a0_0_4;
S_0x7fe90740de00 .scope module, "F1" "fullAdder" 3 47, 3 57 0, S_0x7fe90740edc0;
 .timescale 0 -1;
    .port_info 0 /INPUT 1 "a";
    .port_info 1 /INPUT 1 "b";
    .port_info 2 /INPUT 1 "cIn";
    .port_info 3 /OUTPUT 1 "cOut";
    .port_info 4 /OUTPUT 1 "s";
L_0x7fe90742f510 .functor XOR 1, L_0x7fe90742fa90, L_0x7fe90742fbb0, C4<0>, C4<0>;
L_0x7fe90742f600 .functor XOR 1, L_0x7fe90742f510, v0x7fe90742f300_0, C4<0>, C4<0>;
v0x7fe907427260_0 .net "a", 0 0, L_0x7fe90742fa90;  1 drivers
v0x7fe907427310_0 .net "b", 0 0, L_0x7fe90742fbb0;  1 drivers
v0x7fe9074273b0_0 .net "cIn", 0 0, v0x7fe90742f300_0;  alias, 1 drivers
v0x7fe907427480_0 .net "cOut", 0 0, L_0x7fe90742f940;  1 drivers
v0x7fe907427530_0 .net "s", 0 0, L_0x7fe90742f600;  1 drivers
v0x7fe907427600_0 .net "w1", 0 0, L_0x7fe90742f510;  1 drivers
S_0x7fe90740df70 .scope module, "M1" "mux2to1" 3 67, 3 107 0, S_0x7fe90740de00;
 .timescale 0 -1;
    .port_info 0 /INPUT 1 "x1";
    .port_info 1 /INPUT 1 "x2";
    .port_info 2 /INPUT 1 "s";
    .port_info 3 /OUTPUT 1 "f";
L_0x7fe90742f710 .functor NOT 1, L_0x7fe90742f510, C4<0>, C4<0>, C4<0>;
L_0x7fe90742f820 .functor AND 1, L_0x7fe90742f710, L_0x7fe90742fbb0, C4<1>, C4<1>;
L_0x7fe90742f890 .functor AND 1, L_0x7fe90742f510, v0x7fe90742f300_0, C4<1>, C4<1>;
L_0x7fe90742f940 .functor OR 1, L_0x7fe90742f820, L_0x7fe90742f890, C4<0>, C4<0>;
v0x7fe907409410_0 .net *"_ivl_0", 0 0, L_0x7fe90742f710;  1 drivers
v0x7fe907426df0_0 .net *"_ivl_2", 0 0, L_0x7fe90742f820;  1 drivers
v0x7fe907426ea0_0 .net *"_ivl_4", 0 0, L_0x7fe90742f890;  1 drivers
v0x7fe907426f60_0 .net "f", 0 0, L_0x7fe90742f940;  alias, 1 drivers
v0x7fe907427000_0 .net "s", 0 0, L_0x7fe90742f510;  alias, 1 drivers
v0x7fe9074270e0_0 .net "x1", 0 0, L_0x7fe90742fbb0;  alias, 1 drivers
v0x7fe907427180_0 .net "x2", 0 0, v0x7fe90742f300_0;  alias, 1 drivers
S_0x7fe9074276c0 .scope module, "F2" "fullAdder" 3 48, 3 57 0, S_0x7fe90740edc0;
 .timescale 0 -1;
    .port_info 0 /INPUT 1 "a";
    .port_info 1 /INPUT 1 "b";
    .port_info 2 /INPUT 1 "cIn";
    .port_info 3 /OUTPUT 1 "cOut";
    .port_info 4 /OUTPUT 1 "s";
L_0x7fe90742fcd0 .functor XOR 1, L_0x7fe907430190, L_0x7fe907430270, C4<0>, C4<0>;
L_0x7fe90742fdc0 .functor XOR 1, L_0x7fe90742fcd0, L_0x7fe907430390, C4<0>, C4<0>;
v0x7fe907428080_0 .net "a", 0 0, L_0x7fe907430190;  1 drivers
v0x7fe907428130_0 .net "b", 0 0, L_0x7fe907430270;  1 drivers
v0x7fe9074281d0_0 .net "cIn", 0 0, L_0x7fe907430390;  1 drivers
v0x7fe9074282a0_0 .net "cOut", 0 0, L_0x7fe907430040;  1 drivers
v0x7fe907428350_0 .net "s", 0 0, L_0x7fe90742fdc0;  1 drivers
v0x7fe907428420_0 .net "w1", 0 0, L_0x7fe90742fcd0;  1 drivers
S_0x7fe907427910 .scope module, "M1" "mux2to1" 3 67, 3 107 0, S_0x7fe9074276c0;
 .timescale 0 -1;
    .port_info 0 /INPUT 1 "x1";
    .port_info 1 /INPUT 1 "x2";
    .port_info 2 /INPUT 1 "s";
    .port_info 3 /OUTPUT 1 "f";
L_0x7fe90742fe70 .functor NOT 1, L_0x7fe90742fcd0, C4<0>, C4<0>, C4<0>;
L_0x7fe90742ff60 .functor AND 1, L_0x7fe90742fe70, L_0x7fe907430270, C4<1>, C4<1>;
L_0x7fe90742ffd0 .functor AND 1, L_0x7fe90742fcd0, L_0x7fe907430390, C4<1>, C4<1>;
L_0x7fe907430040 .functor OR 1, L_0x7fe90742ff60, L_0x7fe90742ffd0, C4<0>, C4<0>;
v0x7fe907427b50_0 .net *"_ivl_0", 0 0, L_0x7fe90742fe70;  1 drivers
v0x7fe907427c10_0 .net *"_ivl_2", 0 0, L_0x7fe90742ff60;  1 drivers
v0x7fe907427cc0_0 .net *"_ivl_4", 0 0, L_0x7fe90742ffd0;  1 drivers
v0x7fe907427d80_0 .net "f", 0 0, L_0x7fe907430040;  alias, 1 drivers
v0x7fe907427e20_0 .net "s", 0 0, L_0x7fe90742fcd0;  alias, 1 drivers
v0x7fe907427f00_0 .net "x1", 0 0, L_0x7fe907430270;  alias, 1 drivers
v0x7fe907427fa0_0 .net "x2", 0 0, L_0x7fe907430390;  alias, 1 drivers
S_0x7fe9074284e0 .scope module, "F3" "fullAdder" 3 49, 3 57 0, S_0x7fe90740edc0;
 .timescale 0 -1;
    .port_info 0 /INPUT 1 "a";
    .port_info 1 /INPUT 1 "b";
    .port_info 2 /INPUT 1 "cIn";
    .port_info 3 /OUTPUT 1 "cOut";
    .port_info 4 /OUTPUT 1 "s";
L_0x7fe9074304b0 .functor XOR 1, L_0x7fe907430990, L_0x7fe907430af0, C4<0>, C4<0>;
L_0x7fe907430560 .functor XOR 1, L_0x7fe9074304b0, L_0x7fe907430c90, C4<0>, C4<0>;
v0x7fe907428eb0_0 .net "a", 0 0, L_0x7fe907430990;  1 drivers
v0x7fe907428f60_0 .net "b", 0 0, L_0x7fe907430af0;  1 drivers
v0x7fe907429000_0 .net "cIn", 0 0, L_0x7fe907430c90;  1 drivers
v0x7fe9074290d0_0 .net "cOut", 0 0, L_0x7fe907430840;  1 drivers
v0x7fe907429180_0 .net "s", 0 0, L_0x7fe907430560;  1 drivers
v0x7fe907429250_0 .net "w1", 0 0, L_0x7fe9074304b0;  1 drivers
S_0x7fe907428740 .scope module, "M1" "mux2to1" 3 67, 3 107 0, S_0x7fe9074284e0;
 .timescale 0 -1;
    .port_info 0 /INPUT 1 "x1";
    .port_info 1 /INPUT 1 "x2";
    .port_info 2 /INPUT 1 "s";
    .port_info 3 /OUTPUT 1 "f";
L_0x7fe907430610 .functor NOT 1, L_0x7fe9074304b0, C4<0>, C4<0>, C4<0>;
L_0x7fe907430700 .functor AND 1, L_0x7fe907430610, L_0x7fe907430af0, C4<1>, C4<1>;
L_0x7fe907430790 .functor AND 1, L_0x7fe9074304b0, L_0x7fe907430c90, C4<1>, C4<1>;
L_0x7fe907430840 .functor OR 1, L_0x7fe907430700, L_0x7fe907430790, C4<0>, C4<0>;
v0x7fe907428980_0 .net *"_ivl_0", 0 0, L_0x7fe907430610;  1 drivers
v0x7fe907428a40_0 .net *"_ivl_2", 0 0, L_0x7fe907430700;  1 drivers
v0x7fe907428af0_0 .net *"_ivl_4", 0 0, L_0x7fe907430790;  1 drivers
v0x7fe907428bb0_0 .net "f", 0 0, L_0x7fe907430840;  alias, 1 drivers
v0x7fe907428c50_0 .net "s", 0 0, L_0x7fe9074304b0;  alias, 1 drivers
v0x7fe907428d30_0 .net "x1", 0 0, L_0x7fe907430af0;  alias, 1 drivers
v0x7fe907428dd0_0 .net "x2", 0 0, L_0x7fe907430c90;  alias, 1 drivers
S_0x7fe907429310 .scope module, "F4" "fullAdder" 3 50, 3 57 0, S_0x7fe90740edc0;
 .timescale 0 -1;
    .port_info 0 /INPUT 1 "a";
    .port_info 1 /INPUT 1 "b";
    .port_info 2 /INPUT 1 "cIn";
    .port_info 3 /OUTPUT 1 "cOut";
    .port_info 4 /OUTPUT 1 "s";
L_0x7fe907430ea0 .functor XOR 1, L_0x7fe9074312a0, L_0x7fe907431380, C4<0>, C4<0>;
L_0x7fe907430f10 .functor XOR 1, L_0x7fe907430ea0, L_0x7fe907431500, C4<0>, C4<0>;
v0x7fe907429cd0_0 .net "a", 0 0, L_0x7fe9074312a0;  1 drivers
v0x7fe907429d80_0 .net "b", 0 0, L_0x7fe907431380;  1 drivers
v0x7fe907429e20_0 .net "cIn", 0 0, L_0x7fe907431500;  1 drivers
v0x7fe907429ef0_0 .net "cOut", 0 0, L_0x7fe907431150;  1 drivers
v0x7fe907429fa0_0 .net "s", 0 0, L_0x7fe907430f10;  1 drivers
v0x7fe90742a070_0 .net "w1", 0 0, L_0x7fe907430ea0;  1 drivers
S_0x7fe907429550 .scope module, "M1" "mux2to1" 3 67, 3 107 0, S_0x7fe907429310;
 .timescale 0 -1;
    .port_info 0 /INPUT 1 "x1";
    .port_info 1 /INPUT 1 "x2";
    .port_info 2 /INPUT 1 "s";
    .port_info 3 /OUTPUT 1 "f";
L_0x7fe907430f80 .functor NOT 1, L_0x7fe907430ea0, C4<0>, C4<0>, C4<0>;
L_0x7fe907431070 .functor AND 1, L_0x7fe907430f80, L_0x7fe907431380, C4<1>, C4<1>;
L_0x7fe9074310e0 .functor AND 1, L_0x7fe907430ea0, L_0x7fe907431500, C4<1>, C4<1>;
L_0x7fe907431150 .functor OR 1, L_0x7fe907431070, L_0x7fe9074310e0, C4<0>, C4<0>;
v0x7fe9074297a0_0 .net *"_ivl_0", 0 0, L_0x7fe907430f80;  1 drivers
v0x7fe907429860_0 .net *"_ivl_2", 0 0, L_0x7fe907431070;  1 drivers
v0x7fe907429910_0 .net *"_ivl_4", 0 0, L_0x7fe9074310e0;  1 drivers
v0x7fe9074299d0_0 .net "f", 0 0, L_0x7fe907431150;  alias, 1 drivers
v0x7fe907429a70_0 .net "s", 0 0, L_0x7fe907430ea0;  alias, 1 drivers
v0x7fe907429b50_0 .net "x1", 0 0, L_0x7fe907431380;  alias, 1 drivers
v0x7fe907429bf0_0 .net "x2", 0 0, L_0x7fe907431500;  alias, 1 drivers
S_0x7fe90742a130 .scope module, "adder" "twoDigitBCD" 3 53, 3 72 0, S_0x7fe90740edc0;
 .timescale 0 -1;
    .port_info 0 /INPUT 5 "fiveBitsIn";
    .port_info 1 /OUTPUT 4 "digitTens";
    .port_info 2 /OUTPUT 4 "digitOnes";
L_0x7fe907431a90 .functor NOT 1, L_0x7fe9074319f0, C4<0>, C4<0>, C4<0>;
L_0x7fe9074318d0 .functor NOT 1, L_0x7fe907431ba0, C4<0>, C4<0>, C4<0>;
L_0x7fe907431db0 .functor AND 1, L_0x7fe907431b00, L_0x7fe9074318d0, C4<1>, C4<1>;
L_0x7fe907432020 .functor AND 1, L_0x7fe907431ea0, L_0x7fe907431f40, C4<1>, C4<1>;
L_0x7fe9074321b0 .functor AND 1, L_0x7fe907432020, L_0x7fe907432110, C4<1>, C4<1>;
L_0x7fe9074322a0 .functor OR 1, L_0x7fe907431db0, L_0x7fe9074321b0, C4<0>, C4<0>;
L_0x7fe907432750 .functor AND 1, L_0x7fe9074325b0, L_0x7fe907432650, C4<1>, C4<1>;
v0x7fe90742da80_0 .net *"_ivl_13", 0 0, L_0x7fe9074319f0;  1 drivers
v0x7fe90742db10_0 .net *"_ivl_14", 0 0, L_0x7fe907431a90;  1 drivers
v0x7fe90742dbc0_0 .net *"_ivl_19", 0 0, L_0x7fe907431b00;  1 drivers
v0x7fe90742dc80_0 .net *"_ivl_21", 0 0, L_0x7fe907431ba0;  1 drivers
v0x7fe90742dd30_0 .net *"_ivl_22", 0 0, L_0x7fe9074318d0;  1 drivers
v0x7fe90742de20_0 .net *"_ivl_24", 0 0, L_0x7fe907431db0;  1 drivers
v0x7fe90742ded0_0 .net *"_ivl_27", 0 0, L_0x7fe907431ea0;  1 drivers
v0x7fe90742df80_0 .net *"_ivl_29", 0 0, L_0x7fe907431f40;  1 drivers
v0x7fe90742e030_0 .net *"_ivl_30", 0 0, L_0x7fe907432020;  1 drivers
v0x7fe90742e140_0 .net *"_ivl_33", 0 0, L_0x7fe907432110;  1 drivers
v0x7fe90742e1f0_0 .net *"_ivl_34", 0 0, L_0x7fe9074321b0;  1 drivers
v0x7fe90742e2a0_0 .net *"_ivl_36", 0 0, L_0x7fe9074322a0;  1 drivers
v0x7fe90742e350_0 .net *"_ivl_42", 0 0, L_0x7fe9074325b0;  1 drivers
v0x7fe90742e400_0 .net *"_ivl_44", 0 0, L_0x7fe907432650;  1 drivers
v0x7fe90742e4b0_0 .net *"_ivl_45", 0 0, L_0x7fe907432750;  1 drivers
v0x7fe90742e560_0 .net *"_ivl_9", 0 0, L_0x7fe907431950;  1 drivers
v0x7fe90742e610_0 .net "digitOnes", 3 0, L_0x7fe907434020;  alias, 1 drivers
v0x7fe90742e7a0_0 .net "digitTens", 3 0, L_0x7fe907435710;  alias, 1 drivers
v0x7fe90742e830_0 .net "fiveBitsIn", 4 0, L_0x7fe9074316a0;  alias, 1 drivers
v0x7fe90742e8c0_0 .net "lessThanTenOnes", 3 0, L_0x7fe9074317f0;  1 drivers
L_0x7fe907663008 .functor BUFT 1, C4<0000>, C4<0>, C4<0>, C4<0>;
v0x7fe90742e950_0 .net "lessThanTenTens", 3 0, L_0x7fe907663008;  1 drivers
v0x7fe90742e9e0_0 .net "moreThanTenOnes", 3 0, L_0x7fe907432390;  1 drivers
L_0x7fe907663050 .functor BUFT 1, C4<0001>, C4<0>, C4<0>, C4<0>;
v0x7fe90742ea90_0 .net "moreThanTenTens", 3 0, L_0x7fe907663050;  1 drivers
v0x7fe90742eb40_0 .net "trueIfTenPlus", 0 0, L_0x7fe907432f30;  1 drivers
L_0x7fe9074317f0 .part L_0x7fe9074316a0, 0, 4;
L_0x7fe907431950 .part L_0x7fe9074316a0, 0, 1;
L_0x7fe9074319f0 .part L_0x7fe9074316a0, 1, 1;
L_0x7fe907431b00 .part L_0x7fe9074316a0, 4, 1;
L_0x7fe907431ba0 .part L_0x7fe9074316a0, 1, 1;
L_0x7fe907431ea0 .part L_0x7fe9074316a0, 3, 1;
L_0x7fe907431f40 .part L_0x7fe9074316a0, 2, 1;
L_0x7fe907432110 .part L_0x7fe9074316a0, 1, 1;
L_0x7fe907432390 .concat8 [ 1 1 1 1], L_0x7fe907431950, L_0x7fe907431a90, L_0x7fe9074322a0, L_0x7fe907432750;
L_0x7fe9074325b0 .part L_0x7fe9074316a0, 4, 1;
L_0x7fe907432650 .part L_0x7fe9074316a0, 1, 1;
S_0x7fe90742a380 .scope module, "F1" "fourBitmux2to1" 3 94, 3 115 0, S_0x7fe90742a130;
 .timescale 0 -1;
    .port_info 0 /INPUT 4 "x1";
    .port_info 1 /INPUT 4 "x2";
    .port_info 2 /INPUT 1 "s";
    .port_info 3 /OUTPUT 4 "f";
L_0x7fe907433060 .functor NOT 1, L_0x7fe907432f30, C4<0>, C4<0>, C4<0>;
L_0x7fe907433170 .functor AND 1, L_0x7fe907433060, L_0x7fe9074330d0, C4<1>, C4<1>;
L_0x7fe907433340 .functor AND 1, L_0x7fe907432f30, L_0x7fe9074332a0, C4<1>, C4<1>;
L_0x7fe907433410 .functor OR 1, L_0x7fe907433170, L_0x7fe907433340, C4<0>, C4<0>;
L_0x7fe907433540 .functor NOT 1, L_0x7fe907432f30, C4<0>, C4<0>, C4<0>;
L_0x7fe907433700 .functor AND 1, L_0x7fe907433540, L_0x7fe9074335e0, C4<1>, C4<1>;
L_0x7fe907433910 .functor AND 1, L_0x7fe907432f30, L_0x7fe9074337f0, C4<1>, C4<1>;
L_0x7fe907433aa0 .functor OR 1, L_0x7fe907433700, L_0x7fe907433910, C4<0>, C4<0>;
L_0x7fe907433b90 .functor NOT 1, L_0x7fe907432f30, C4<0>, C4<0>, C4<0>;
L_0x7fe907433cf0 .functor AND 1, L_0x7fe907433b90, L_0x7fe907433c50, C4<1>, C4<1>;
L_0x7fe907433e40 .functor AND 1, L_0x7fe907432f30, L_0x7fe907433da0, C4<1>, C4<1>;
L_0x7fe907433f50 .functor OR 1, L_0x7fe907433cf0, L_0x7fe907433e40, C4<0>, C4<0>;
L_0x7fe9074341f0 .functor NOT 1, L_0x7fe907432f30, C4<0>, C4<0>, C4<0>;
L_0x7fe907434370 .functor AND 1, L_0x7fe9074341f0, L_0x7fe9074342d0, C4<1>, C4<1>;
L_0x7fe907434510 .functor AND 1, L_0x7fe907432f30, L_0x7fe907434420, C4<1>, C4<1>;
L_0x7fe907434260 .functor OR 1, L_0x7fe907434370, L_0x7fe907434510, C4<0>, C4<0>;
v0x7fe90742a5a0_0 .net *"_ivl_10", 0 0, L_0x7fe907433340;  1 drivers
v0x7fe90742a660_0 .net *"_ivl_12", 0 0, L_0x7fe907433410;  1 drivers
v0x7fe90742a710_0 .net *"_ivl_16", 0 0, L_0x7fe907433540;  1 drivers
v0x7fe90742a7d0_0 .net *"_ivl_19", 0 0, L_0x7fe9074335e0;  1 drivers
v0x7fe90742a880_0 .net *"_ivl_2", 0 0, L_0x7fe907433060;  1 drivers
v0x7fe90742a970_0 .net *"_ivl_20", 0 0, L_0x7fe907433700;  1 drivers
v0x7fe90742aa20_0 .net *"_ivl_23", 0 0, L_0x7fe9074337f0;  1 drivers
v0x7fe90742aad0_0 .net *"_ivl_24", 0 0, L_0x7fe907433910;  1 drivers
v0x7fe90742ab80_0 .net *"_ivl_26", 0 0, L_0x7fe907433aa0;  1 drivers
v0x7fe90742ac90_0 .net *"_ivl_30", 0 0, L_0x7fe907433b90;  1 drivers
v0x7fe90742ad40_0 .net *"_ivl_33", 0 0, L_0x7fe907433c50;  1 drivers
v0x7fe90742adf0_0 .net *"_ivl_34", 0 0, L_0x7fe907433cf0;  1 drivers
v0x7fe90742aea0_0 .net *"_ivl_37", 0 0, L_0x7fe907433da0;  1 drivers
v0x7fe90742af50_0 .net *"_ivl_38", 0 0, L_0x7fe907433e40;  1 drivers
v0x7fe90742b000_0 .net *"_ivl_40", 0 0, L_0x7fe907433f50;  1 drivers
v0x7fe90742b0b0_0 .net *"_ivl_45", 0 0, L_0x7fe9074341f0;  1 drivers
v0x7fe90742b160_0 .net *"_ivl_48", 0 0, L_0x7fe9074342d0;  1 drivers
v0x7fe90742b2f0_0 .net *"_ivl_49", 0 0, L_0x7fe907434370;  1 drivers
v0x7fe90742b380_0 .net *"_ivl_5", 0 0, L_0x7fe9074330d0;  1 drivers
v0x7fe90742b430_0 .net *"_ivl_52", 0 0, L_0x7fe907434420;  1 drivers
v0x7fe90742b4e0_0 .net *"_ivl_53", 0 0, L_0x7fe907434510;  1 drivers
v0x7fe90742b590_0 .net *"_ivl_55", 0 0, L_0x7fe907434260;  1 drivers
v0x7fe90742b640_0 .net *"_ivl_6", 0 0, L_0x7fe907433170;  1 drivers
v0x7fe90742b6f0_0 .net *"_ivl_9", 0 0, L_0x7fe9074332a0;  1 drivers
v0x7fe90742b7a0_0 .net "f", 3 0, L_0x7fe907434020;  alias, 1 drivers
v0x7fe90742b850_0 .net "s", 0 0, L_0x7fe907432f30;  alias, 1 drivers
v0x7fe90742b8f0_0 .net "x1", 3 0, L_0x7fe9074317f0;  alias, 1 drivers
v0x7fe90742b9a0_0 .net "x2", 3 0, L_0x7fe907432390;  alias, 1 drivers
L_0x7fe9074330d0 .part L_0x7fe9074317f0, 0, 1;
L_0x7fe9074332a0 .part L_0x7fe907432390, 0, 1;
L_0x7fe9074335e0 .part L_0x7fe9074317f0, 1, 1;
L_0x7fe9074337f0 .part L_0x7fe907432390, 1, 1;
L_0x7fe907433c50 .part L_0x7fe9074317f0, 2, 1;
L_0x7fe907433da0 .part L_0x7fe907432390, 2, 1;
L_0x7fe907434020 .concat8 [ 1 1 1 1], L_0x7fe907433410, L_0x7fe907433aa0, L_0x7fe907433f50, L_0x7fe907434260;
L_0x7fe9074342d0 .part L_0x7fe9074317f0, 3, 1;
L_0x7fe907434420 .part L_0x7fe907432390, 3, 1;
S_0x7fe90742bab0 .scope module, "F2" "fourBitmux2to1" 3 95, 3 115 0, S_0x7fe90742a130;
 .timescale 0 -1;
    .port_info 0 /INPUT 4 "x1";
    .port_info 1 /INPUT 4 "x2";
    .port_info 2 /INPUT 1 "s";
    .port_info 3 /OUTPUT 4 "f";
L_0x7fe9074346e0 .functor NOT 1, L_0x7fe907432f30, C4<0>, C4<0>, C4<0>;
L_0x7fe9074347f0 .functor AND 1, L_0x7fe9074346e0, L_0x7fe907434750, C4<1>, C4<1>;
L_0x7fe9074349a0 .functor AND 1, L_0x7fe907432f30, L_0x7fe907434900, C4<1>, C4<1>;
L_0x7fe907434a70 .functor OR 1, L_0x7fe9074347f0, L_0x7fe9074349a0, C4<0>, C4<0>;
L_0x7fe907434ba0 .functor NOT 1, L_0x7fe907432f30, C4<0>, C4<0>, C4<0>;
L_0x7fe907434d60 .functor AND 1, L_0x7fe907434ba0, L_0x7fe907434c40, C4<1>, C4<1>;
L_0x7fe907434f70 .functor AND 1, L_0x7fe907432f30, L_0x7fe907434e50, C4<1>, C4<1>;
L_0x7fe9074339e0 .functor OR 1, L_0x7fe907434d60, L_0x7fe907434f70, C4<0>, C4<0>;
L_0x7fe907435280 .functor NOT 1, L_0x7fe907432f30, C4<0>, C4<0>, C4<0>;
L_0x7fe9074353e0 .functor AND 1, L_0x7fe907435280, L_0x7fe907435340, C4<1>, C4<1>;
L_0x7fe907435530 .functor AND 1, L_0x7fe907432f30, L_0x7fe907435490, C4<1>, C4<1>;
L_0x7fe907435640 .functor OR 1, L_0x7fe9074353e0, L_0x7fe907435530, C4<0>, C4<0>;
L_0x7fe9074358e0 .functor NOT 1, L_0x7fe907432f30, C4<0>, C4<0>, C4<0>;
L_0x7fe907435a60 .functor AND 1, L_0x7fe9074358e0, L_0x7fe9074359c0, C4<1>, C4<1>;
L_0x7fe907435bb0 .functor AND 1, L_0x7fe907432f30, L_0x7fe907435b10, C4<1>, C4<1>;
L_0x7fe907435950 .functor OR 1, L_0x7fe907435a60, L_0x7fe907435bb0, C4<0>, C4<0>;
v0x7fe90742bc80_0 .net *"_ivl_10", 0 0, L_0x7fe9074349a0;  1 drivers
v0x7fe90742bd10_0 .net *"_ivl_12", 0 0, L_0x7fe907434a70;  1 drivers
v0x7fe90742bdc0_0 .net *"_ivl_16", 0 0, L_0x7fe907434ba0;  1 drivers
v0x7fe90742be80_0 .net *"_ivl_19", 0 0, L_0x7fe907434c40;  1 drivers
v0x7fe90742bf30_0 .net *"_ivl_2", 0 0, L_0x7fe9074346e0;  1 drivers
v0x7fe90742c020_0 .net *"_ivl_20", 0 0, L_0x7fe907434d60;  1 drivers
v0x7fe90742c0d0_0 .net *"_ivl_23", 0 0, L_0x7fe907434e50;  1 drivers
v0x7fe90742c180_0 .net *"_ivl_24", 0 0, L_0x7fe907434f70;  1 drivers
v0x7fe90742c230_0 .net *"_ivl_26", 0 0, L_0x7fe9074339e0;  1 drivers
v0x7fe90742c340_0 .net *"_ivl_30", 0 0, L_0x7fe907435280;  1 drivers
v0x7fe90742c3f0_0 .net *"_ivl_33", 0 0, L_0x7fe907435340;  1 drivers
v0x7fe90742c4a0_0 .net *"_ivl_34", 0 0, L_0x7fe9074353e0;  1 drivers
v0x7fe90742c550_0 .net *"_ivl_37", 0 0, L_0x7fe907435490;  1 drivers
v0x7fe90742c600_0 .net *"_ivl_38", 0 0, L_0x7fe907435530;  1 drivers
v0x7fe90742c6b0_0 .net *"_ivl_40", 0 0, L_0x7fe907435640;  1 drivers
v0x7fe90742c760_0 .net *"_ivl_45", 0 0, L_0x7fe9074358e0;  1 drivers
v0x7fe90742c810_0 .net *"_ivl_48", 0 0, L_0x7fe9074359c0;  1 drivers
v0x7fe90742c9a0_0 .net *"_ivl_49", 0 0, L_0x7fe907435a60;  1 drivers
v0x7fe90742ca30_0 .net *"_ivl_5", 0 0, L_0x7fe907434750;  1 drivers
v0x7fe90742cae0_0 .net *"_ivl_52", 0 0, L_0x7fe907435b10;  1 drivers
v0x7fe90742cb90_0 .net *"_ivl_53", 0 0, L_0x7fe907435bb0;  1 drivers
v0x7fe90742cc40_0 .net *"_ivl_55", 0 0, L_0x7fe907435950;  1 drivers
v0x7fe90742ccf0_0 .net *"_ivl_6", 0 0, L_0x7fe9074347f0;  1 drivers
v0x7fe90742cda0_0 .net *"_ivl_9", 0 0, L_0x7fe907434900;  1 drivers
v0x7fe90742ce50_0 .net "f", 3 0, L_0x7fe907435710;  alias, 1 drivers
v0x7fe90742cf00_0 .net "s", 0 0, L_0x7fe907432f30;  alias, 1 drivers
v0x7fe90742cfb0_0 .net "x1", 3 0, L_0x7fe907663008;  alias, 1 drivers
v0x7fe90742d040_0 .net "x2", 3 0, L_0x7fe907663050;  alias, 1 drivers
L_0x7fe907434750 .part L_0x7fe907663008, 0, 1;
L_0x7fe907434900 .part L_0x7fe907663050, 0, 1;
L_0x7fe907434c40 .part L_0x7fe907663008, 1, 1;
L_0x7fe907434e50 .part L_0x7fe907663050, 1, 1;
L_0x7fe907435340 .part L_0x7fe907663008, 2, 1;
L_0x7fe907435490 .part L_0x7fe907663050, 2, 1;
L_0x7fe907435710 .concat8 [ 1 1 1 1], L_0x7fe907434a70, L_0x7fe9074339e0, L_0x7fe907435640, L_0x7fe907435950;
L_0x7fe9074359c0 .part L_0x7fe907663008, 3, 1;
L_0x7fe907435b10 .part L_0x7fe907663050, 3, 1;
S_0x7fe90742d0e0 .scope module, "G1" "greaterThan10" 3 92, 3 99 0, S_0x7fe90742a130;
 .timescale 0 -1;
    .port_info 0 /INPUT 5 "fiveBitsIn";
    .port_info 1 /OUTPUT 1 "moreThanTen";
L_0x7fe907431c40 .functor AND 1, L_0x7fe9074328e0, L_0x7fe907432980, C4<1>, C4<1>;
L_0x7fe907432c20 .functor OR 1, L_0x7fe907432840, L_0x7fe907431c40, C4<0>, C4<0>;
L_0x7fe907432e40 .functor AND 1, L_0x7fe907432cd0, L_0x7fe907432d70, C4<1>, C4<1>;
L_0x7fe907432f30 .functor OR 1, L_0x7fe907432c20, L_0x7fe907432e40, C4<0>, C4<0>;
v0x7fe90742d2d0_0 .net *"_ivl_1", 0 0, L_0x7fe907432840;  1 drivers
v0x7fe90742d390_0 .net *"_ivl_11", 0 0, L_0x7fe907432cd0;  1 drivers
v0x7fe90742d440_0 .net *"_ivl_13", 0 0, L_0x7fe907432d70;  1 drivers
v0x7fe90742d500_0 .net *"_ivl_14", 0 0, L_0x7fe907432e40;  1 drivers
v0x7fe90742d5b0_0 .net *"_ivl_3", 0 0, L_0x7fe9074328e0;  1 drivers
v0x7fe90742d6a0_0 .net *"_ivl_5", 0 0, L_0x7fe907432980;  1 drivers
v0x7fe90742d750_0 .net *"_ivl_6", 0 0, L_0x7fe907431c40;  1 drivers
v0x7fe90742d800_0 .net *"_ivl_8", 0 0, L_0x7fe907432c20;  1 drivers
v0x7fe90742d8b0_0 .net "fiveBitsIn", 4 0, L_0x7fe9074316a0;  alias, 1 drivers
v0x7fe90742d9c0_0 .net "moreThanTen", 0 0, L_0x7fe907432f30;  alias, 1 drivers
L_0x7fe907432840 .part L_0x7fe9074316a0, 4, 1;
L_0x7fe9074328e0 .part L_0x7fe9074316a0, 3, 1;
L_0x7fe907432980 .part L_0x7fe9074316a0, 2, 1;
L_0x7fe907432cd0 .part L_0x7fe9074316a0, 3, 1;
L_0x7fe907432d70 .part L_0x7fe9074316a0, 1, 1;
    .scope S_0x7fe90740ec50;
T_0 ;
    %vpi_call 2 18 "$dumpfile", "SIM-TaskFour.vcd" {0 0 0};
    %vpi_call 2 19 "$dumpvars", 32'sb00000000000000000000000000000000, S_0x7fe90740ec50 {0 0 0};
    %pushi/vec4 0, 0, 4;
    %store/vec4 v0x7fe90742f1c0_0, 0, 4;
    %pushi/vec4 1, 0, 1;
    %ix/load 4, 3, 0;
    %flag_set/imm 4, 0;
    %store/vec4 v0x7fe90742f270_0, 4, 1;
    %pushi/vec4 0, 0, 1;
    %ix/load 4, 2, 0;
    %flag_set/imm 4, 0;
    %store/vec4 v0x7fe90742f270_0, 4, 1;
    %pushi/vec4 0, 0, 1;
    %ix/load 4, 1, 0;
    %flag_set/imm 4, 0;
    %store/vec4 v0x7fe90742f270_0, 4, 1;
    %pushi/vec4 1, 0, 1;
    %ix/load 4, 0, 0;
    %flag_set/imm 4, 0;
    %store/vec4 v0x7fe90742f270_0, 4, 1;
    %pushi/vec4 1, 0, 1;
    %store/vec4 v0x7fe90742f300_0, 0, 1;
    %delay 10, 0;
    %vpi_call 2 25 "$finish" {0 0 0};
    %end;
    .thread T_0;
# The file index is used to find the file name in the following table.
:file_names 4;
    "N/A";
    "<interactive>";
    "SIM-TaskFour.v";
    "./TaskFour.v";
