#! /usr/local/Cellar/icarus-verilog/11.0/bin/vvp
:ivl_version "11.0 (stable)";
:ivl_delay_selection "TYPICAL";
:vpi_time_precision - 1;
:vpi_module "/usr/local/Cellar/icarus-verilog/11.0/lib/ivl/system.vpi";
:vpi_module "/usr/local/Cellar/icarus-verilog/11.0/lib/ivl/vhdl_sys.vpi";
:vpi_module "/usr/local/Cellar/icarus-verilog/11.0/lib/ivl/vhdl_textio.vpi";
:vpi_module "/usr/local/Cellar/icarus-verilog/11.0/lib/ivl/v2005_math.vpi";
:vpi_module "/usr/local/Cellar/icarus-verilog/11.0/lib/ivl/va_math.vpi";
S_0x7fa8b5621490 .scope module, "TaskThree_tb" "TaskThree_tb" 2 5;
 .timescale 0 -1;
v0x7fa8b5637e40_0 .var "CIN", 0 0;
v0x7fa8b5637ed0_0 .net "h1", 8 0, L_0x7fa8b563a2a0;  1 drivers
v0x7fa8b5637f60_0 .net "h2", 4 0, L_0x7fa8b563a010;  1 drivers
v0x7fa8b5638010_0 .var "nibbl1", 3 0;
v0x7fa8b56380c0_0 .var "nibbl2", 3 0;
S_0x7fa8b561f060 .scope module, "T1" "TaskThree" 2 12, 3 1 0, S_0x7fa8b5621490;
 .timescale 0 -1;
    .port_info 0 /INPUT 4 "A";
    .port_info 1 /INPUT 4 "B";
    .port_info 2 /INPUT 1 "CIN";
    .port_info 3 /OUTPUT 9 "LEDR";
    .port_info 4 /OUTPUT 5 "LEDG";
L_0x7fa8b563a1c0 .functor BUFZ 4, v0x7fa8b5638010_0, C4<0000>, C4<0000>, C4<0000>;
L_0x7fa8b563a230 .functor BUFZ 4, v0x7fa8b56380c0_0, C4<0000>, C4<0000>, C4<0000>;
v0x7fa8b5637700_0 .net "A", 3 0, v0x7fa8b5638010_0;  1 drivers
v0x7fa8b56377c0_0 .net "B", 3 0, v0x7fa8b56380c0_0;  1 drivers
v0x7fa8b5637860_0 .net "CIN", 0 0, v0x7fa8b5637e40_0;  1 drivers
v0x7fa8b5637930_0 .net "LEDG", 4 0, L_0x7fa8b563a010;  alias, 1 drivers
v0x7fa8b56379d0_0 .net "LEDR", 8 0, L_0x7fa8b563a2a0;  alias, 1 drivers
v0x7fa8b5637aa0_0 .net *"_ivl_43", 3 0, L_0x7fa8b563a1c0;  1 drivers
v0x7fa8b5637b50_0 .net *"_ivl_47", 3 0, L_0x7fa8b563a230;  1 drivers
o0x7fa8b5732ea8 .functor BUFZ 1, C4<z>; HiZ drive
; Elide local net with no drivers, v0x7fa8b5637c00_0 name=_ivl_50
v0x7fa8b5637cb0_0 .net "cWire", 2 0, L_0x7fa8b56397b0;  1 drivers
L_0x7fa8b5638770 .part v0x7fa8b56380c0_0, 0, 1;
L_0x7fa8b5638db0 .part v0x7fa8b56380c0_0, 1, 1;
L_0x7fa8b5638ed0 .part L_0x7fa8b56397b0, 0, 1;
L_0x7fa8b56394f0 .part v0x7fa8b56380c0_0, 2, 1;
L_0x7fa8b5639690 .part L_0x7fa8b56397b0, 1, 1;
L_0x7fa8b56397b0 .concat8 [ 1 1 1 0], L_0x7fa8b56385e0, L_0x7fa8b5638c20, L_0x7fa8b5639360;
L_0x7fa8b5639d50 .part v0x7fa8b56380c0_0, 3, 1;
L_0x7fa8b5639e70 .part L_0x7fa8b56397b0, 2, 1;
LS_0x7fa8b563a010_0_0 .concat8 [ 1 1 1 1], L_0x7fa8b56382a0, L_0x7fa8b5638980, L_0x7fa8b5639060, L_0x7fa8b5639900;
LS_0x7fa8b563a010_0_4 .concat8 [ 1 0 0 0], L_0x7fa8b5639bc0;
L_0x7fa8b563a010 .concat8 [ 4 1 0 0], LS_0x7fa8b563a010_0_0, LS_0x7fa8b563a010_0_4;
L_0x7fa8b563a2a0 .concat [ 4 4 1 0], L_0x7fa8b563a230, L_0x7fa8b563a1c0, o0x7fa8b5732ea8;
S_0x7fa8b561cab0 .scope module, "U1" "fullAdder" 3 10, 3 24 0, S_0x7fa8b561f060;
 .timescale 0 -1;
    .port_info 0 /INPUT 1 "a";
    .port_info 1 /INPUT 1 "b";
    .port_info 2 /INPUT 1 "cIn";
    .port_info 3 /OUTPUT 1 "cOut";
    .port_info 4 /OUTPUT 1 "s";
L_0x7fa8b5763008 .functor BUFT 1, C4<x>, C4<0>, C4<0>, C4<0>;
L_0x7fa8b5638190 .functor XOR 1, L_0x7fa8b5763008, L_0x7fa8b5638770, C4<0>, C4<0>;
L_0x7fa8b56382a0 .functor XOR 1, L_0x7fa8b5638190, v0x7fa8b5637e40_0, C4<0>, C4<0>;
v0x7fa8b5634830_0 .net "a", 0 0, L_0x7fa8b5763008;  1 drivers
v0x7fa8b56348e0_0 .net "b", 0 0, L_0x7fa8b5638770;  1 drivers
v0x7fa8b5634980_0 .net "cIn", 0 0, v0x7fa8b5637e40_0;  alias, 1 drivers
v0x7fa8b5634a50_0 .net "cOut", 0 0, L_0x7fa8b56385e0;  1 drivers
v0x7fa8b5634b00_0 .net "s", 0 0, L_0x7fa8b56382a0;  1 drivers
v0x7fa8b5634bd0_0 .net "w1", 0 0, L_0x7fa8b5638190;  1 drivers
S_0x7fa8b56210d0 .scope module, "M1" "mux2to1" 3 34, 3 44 0, S_0x7fa8b561cab0;
 .timescale 0 -1;
    .port_info 0 /INPUT 1 "x1";
    .port_info 1 /INPUT 1 "x2";
    .port_info 2 /INPUT 1 "s";
    .port_info 3 /OUTPUT 1 "f";
L_0x7fa8b56383b0 .functor NOT 1, L_0x7fa8b5638190, C4<0>, C4<0>, C4<0>;
L_0x7fa8b56384c0 .functor AND 1, L_0x7fa8b56383b0, L_0x7fa8b5638770, C4<1>, C4<1>;
L_0x7fa8b5638530 .functor AND 1, L_0x7fa8b5638190, v0x7fa8b5637e40_0, C4<1>, C4<1>;
L_0x7fa8b56385e0 .functor OR 1, L_0x7fa8b56384c0, L_0x7fa8b5638530, C4<0>, C4<0>;
v0x7fa8b560a1b0_0 .net *"_ivl_0", 0 0, L_0x7fa8b56383b0;  1 drivers
v0x7fa8b56343c0_0 .net *"_ivl_2", 0 0, L_0x7fa8b56384c0;  1 drivers
v0x7fa8b5634470_0 .net *"_ivl_4", 0 0, L_0x7fa8b5638530;  1 drivers
v0x7fa8b5634530_0 .net "f", 0 0, L_0x7fa8b56385e0;  alias, 1 drivers
v0x7fa8b56345d0_0 .net "s", 0 0, L_0x7fa8b5638190;  alias, 1 drivers
v0x7fa8b56346b0_0 .net "x1", 0 0, L_0x7fa8b5638770;  alias, 1 drivers
v0x7fa8b5634750_0 .net "x2", 0 0, v0x7fa8b5637e40_0;  alias, 1 drivers
S_0x7fa8b5634c90 .scope module, "U2" "fullAdder" 3 11, 3 24 0, S_0x7fa8b561f060;
 .timescale 0 -1;
    .port_info 0 /INPUT 1 "a";
    .port_info 1 /INPUT 1 "b";
    .port_info 2 /INPUT 1 "cIn";
    .port_info 3 /OUTPUT 1 "cOut";
    .port_info 4 /OUTPUT 1 "s";
L_0x7fa8b5763050 .functor BUFT 1, C4<x>, C4<0>, C4<0>, C4<0>;
L_0x7fa8b5638890 .functor XOR 1, L_0x7fa8b5763050, L_0x7fa8b5638db0, C4<0>, C4<0>;
L_0x7fa8b5638980 .functor XOR 1, L_0x7fa8b5638890, L_0x7fa8b5638ed0, C4<0>, C4<0>;
v0x7fa8b5635650_0 .net "a", 0 0, L_0x7fa8b5763050;  1 drivers
v0x7fa8b5635700_0 .net "b", 0 0, L_0x7fa8b5638db0;  1 drivers
v0x7fa8b56357a0_0 .net "cIn", 0 0, L_0x7fa8b5638ed0;  1 drivers
v0x7fa8b5635870_0 .net "cOut", 0 0, L_0x7fa8b5638c20;  1 drivers
v0x7fa8b5635920_0 .net "s", 0 0, L_0x7fa8b5638980;  1 drivers
v0x7fa8b56359f0_0 .net "w1", 0 0, L_0x7fa8b5638890;  1 drivers
S_0x7fa8b5634ee0 .scope module, "M1" "mux2to1" 3 34, 3 44 0, S_0x7fa8b5634c90;
 .timescale 0 -1;
    .port_info 0 /INPUT 1 "x1";
    .port_info 1 /INPUT 1 "x2";
    .port_info 2 /INPUT 1 "s";
    .port_info 3 /OUTPUT 1 "f";
L_0x7fa8b5638a30 .functor NOT 1, L_0x7fa8b5638890, C4<0>, C4<0>, C4<0>;
L_0x7fa8b5638b20 .functor AND 1, L_0x7fa8b5638a30, L_0x7fa8b5638db0, C4<1>, C4<1>;
L_0x7fa8b5638b90 .functor AND 1, L_0x7fa8b5638890, L_0x7fa8b5638ed0, C4<1>, C4<1>;
L_0x7fa8b5638c20 .functor OR 1, L_0x7fa8b5638b20, L_0x7fa8b5638b90, C4<0>, C4<0>;
v0x7fa8b5635120_0 .net *"_ivl_0", 0 0, L_0x7fa8b5638a30;  1 drivers
v0x7fa8b56351e0_0 .net *"_ivl_2", 0 0, L_0x7fa8b5638b20;  1 drivers
v0x7fa8b5635290_0 .net *"_ivl_4", 0 0, L_0x7fa8b5638b90;  1 drivers
v0x7fa8b5635350_0 .net "f", 0 0, L_0x7fa8b5638c20;  alias, 1 drivers
v0x7fa8b56353f0_0 .net "s", 0 0, L_0x7fa8b5638890;  alias, 1 drivers
v0x7fa8b56354d0_0 .net "x1", 0 0, L_0x7fa8b5638db0;  alias, 1 drivers
v0x7fa8b5635570_0 .net "x2", 0 0, L_0x7fa8b5638ed0;  alias, 1 drivers
S_0x7fa8b5635ab0 .scope module, "U3" "fullAdder" 3 12, 3 24 0, S_0x7fa8b561f060;
 .timescale 0 -1;
    .port_info 0 /INPUT 1 "a";
    .port_info 1 /INPUT 1 "b";
    .port_info 2 /INPUT 1 "cIn";
    .port_info 3 /OUTPUT 1 "cOut";
    .port_info 4 /OUTPUT 1 "s";
L_0x7fa8b5763098 .functor BUFT 1, C4<x>, C4<0>, C4<0>, C4<0>;
L_0x7fa8b5638ff0 .functor XOR 1, L_0x7fa8b5763098, L_0x7fa8b56394f0, C4<0>, C4<0>;
L_0x7fa8b5639060 .functor XOR 1, L_0x7fa8b5638ff0, L_0x7fa8b5639690, C4<0>, C4<0>;
v0x7fa8b5636480_0 .net "a", 0 0, L_0x7fa8b5763098;  1 drivers
v0x7fa8b5636530_0 .net "b", 0 0, L_0x7fa8b56394f0;  1 drivers
v0x7fa8b56365d0_0 .net "cIn", 0 0, L_0x7fa8b5639690;  1 drivers
v0x7fa8b56366a0_0 .net "cOut", 0 0, L_0x7fa8b5639360;  1 drivers
v0x7fa8b5636750_0 .net "s", 0 0, L_0x7fa8b5639060;  1 drivers
v0x7fa8b5636820_0 .net "w1", 0 0, L_0x7fa8b5638ff0;  1 drivers
S_0x7fa8b5635d10 .scope module, "M1" "mux2to1" 3 34, 3 44 0, S_0x7fa8b5635ab0;
 .timescale 0 -1;
    .port_info 0 /INPUT 1 "x1";
    .port_info 1 /INPUT 1 "x2";
    .port_info 2 /INPUT 1 "s";
    .port_info 3 /OUTPUT 1 "f";
L_0x7fa8b5639110 .functor NOT 1, L_0x7fa8b5638ff0, C4<0>, C4<0>, C4<0>;
L_0x7fa8b5639200 .functor AND 1, L_0x7fa8b5639110, L_0x7fa8b56394f0, C4<1>, C4<1>;
L_0x7fa8b56392b0 .functor AND 1, L_0x7fa8b5638ff0, L_0x7fa8b5639690, C4<1>, C4<1>;
L_0x7fa8b5639360 .functor OR 1, L_0x7fa8b5639200, L_0x7fa8b56392b0, C4<0>, C4<0>;
v0x7fa8b5635f50_0 .net *"_ivl_0", 0 0, L_0x7fa8b5639110;  1 drivers
v0x7fa8b5636010_0 .net *"_ivl_2", 0 0, L_0x7fa8b5639200;  1 drivers
v0x7fa8b56360c0_0 .net *"_ivl_4", 0 0, L_0x7fa8b56392b0;  1 drivers
v0x7fa8b5636180_0 .net "f", 0 0, L_0x7fa8b5639360;  alias, 1 drivers
v0x7fa8b5636220_0 .net "s", 0 0, L_0x7fa8b5638ff0;  alias, 1 drivers
v0x7fa8b5636300_0 .net "x1", 0 0, L_0x7fa8b56394f0;  alias, 1 drivers
v0x7fa8b56363a0_0 .net "x2", 0 0, L_0x7fa8b5639690;  alias, 1 drivers
S_0x7fa8b56368e0 .scope module, "U4" "fullAdder" 3 13, 3 24 0, S_0x7fa8b561f060;
 .timescale 0 -1;
    .port_info 0 /INPUT 1 "a";
    .port_info 1 /INPUT 1 "b";
    .port_info 2 /INPUT 1 "cIn";
    .port_info 3 /OUTPUT 1 "cOut";
    .port_info 4 /OUTPUT 1 "s";
L_0x7fa8b57630e0 .functor BUFT 1, C4<x>, C4<0>, C4<0>, C4<0>;
L_0x7fa8b5639850 .functor XOR 1, L_0x7fa8b57630e0, L_0x7fa8b5639d50, C4<0>, C4<0>;
L_0x7fa8b5639900 .functor XOR 1, L_0x7fa8b5639850, L_0x7fa8b5639e70, C4<0>, C4<0>;
v0x7fa8b56372a0_0 .net "a", 0 0, L_0x7fa8b57630e0;  1 drivers
v0x7fa8b5637350_0 .net "b", 0 0, L_0x7fa8b5639d50;  1 drivers
v0x7fa8b56373f0_0 .net "cIn", 0 0, L_0x7fa8b5639e70;  1 drivers
v0x7fa8b56374c0_0 .net "cOut", 0 0, L_0x7fa8b5639bc0;  1 drivers
v0x7fa8b5637570_0 .net "s", 0 0, L_0x7fa8b5639900;  1 drivers
v0x7fa8b5637640_0 .net "w1", 0 0, L_0x7fa8b5639850;  1 drivers
S_0x7fa8b5636b20 .scope module, "M1" "mux2to1" 3 34, 3 44 0, S_0x7fa8b56368e0;
 .timescale 0 -1;
    .port_info 0 /INPUT 1 "x1";
    .port_info 1 /INPUT 1 "x2";
    .port_info 2 /INPUT 1 "s";
    .port_info 3 /OUTPUT 1 "f";
L_0x7fa8b56399b0 .functor NOT 1, L_0x7fa8b5639850, C4<0>, C4<0>, C4<0>;
L_0x7fa8b5639aa0 .functor AND 1, L_0x7fa8b56399b0, L_0x7fa8b5639d50, C4<1>, C4<1>;
L_0x7fa8b5639b10 .functor AND 1, L_0x7fa8b5639850, L_0x7fa8b5639e70, C4<1>, C4<1>;
L_0x7fa8b5639bc0 .functor OR 1, L_0x7fa8b5639aa0, L_0x7fa8b5639b10, C4<0>, C4<0>;
v0x7fa8b5636d70_0 .net *"_ivl_0", 0 0, L_0x7fa8b56399b0;  1 drivers
v0x7fa8b5636e30_0 .net *"_ivl_2", 0 0, L_0x7fa8b5639aa0;  1 drivers
v0x7fa8b5636ee0_0 .net *"_ivl_4", 0 0, L_0x7fa8b5639b10;  1 drivers
v0x7fa8b5636fa0_0 .net "f", 0 0, L_0x7fa8b5639bc0;  alias, 1 drivers
v0x7fa8b5637040_0 .net "s", 0 0, L_0x7fa8b5639850;  alias, 1 drivers
v0x7fa8b5637120_0 .net "x1", 0 0, L_0x7fa8b5639d50;  alias, 1 drivers
v0x7fa8b56371c0_0 .net "x2", 0 0, L_0x7fa8b5639e70;  alias, 1 drivers
    .scope S_0x7fa8b5621490;
T_0 ;
    %vpi_call 2 16 "$dumpfile", "SIM-TaskThree.vcd" {0 0 0};
    %vpi_call 2 17 "$dumpvars", 32'sb00000000000000000000000000000000, S_0x7fa8b5621490 {0 0 0};
    %pushi/vec4 0, 0, 1;
    %ix/load 4, 0, 0;
    %flag_set/imm 4, 0;
    %store/vec4 v0x7fa8b5638010_0, 4, 1;
    %pushi/vec4 0, 0, 1;
    %ix/load 4, 1, 0;
    %flag_set/imm 4, 0;
    %store/vec4 v0x7fa8b5638010_0, 4, 1;
    %pushi/vec4 0, 0, 1;
    %ix/load 4, 2, 0;
    %flag_set/imm 4, 0;
    %store/vec4 v0x7fa8b5638010_0, 4, 1;
    %pushi/vec4 0, 0, 1;
    %ix/load 4, 3, 0;
    %flag_set/imm 4, 0;
    %store/vec4 v0x7fa8b5638010_0, 4, 1;
    %pushi/vec4 0, 0, 1;
    %ix/load 4, 0, 0;
    %flag_set/imm 4, 0;
    %store/vec4 v0x7fa8b56380c0_0, 4, 1;
    %pushi/vec4 0, 0, 1;
    %ix/load 4, 1, 0;
    %flag_set/imm 4, 0;
    %store/vec4 v0x7fa8b56380c0_0, 4, 1;
    %pushi/vec4 0, 0, 1;
    %ix/load 4, 2, 0;
    %flag_set/imm 4, 0;
    %store/vec4 v0x7fa8b56380c0_0, 4, 1;
    %pushi/vec4 0, 0, 1;
    %ix/load 4, 3, 0;
    %flag_set/imm 4, 0;
    %store/vec4 v0x7fa8b56380c0_0, 4, 1;
    %pushi/vec4 0, 0, 1;
    %store/vec4 v0x7fa8b5637e40_0, 0, 1;
    %delay 10, 0;
    %pushi/vec4 0, 0, 1;
    %ix/load 4, 0, 0;
    %flag_set/imm 4, 0;
    %store/vec4 v0x7fa8b5638010_0, 4, 1;
    %pushi/vec4 1, 0, 1;
    %ix/load 4, 1, 0;
    %flag_set/imm 4, 0;
    %store/vec4 v0x7fa8b5638010_0, 4, 1;
    %pushi/vec4 1, 0, 1;
    %ix/load 4, 2, 0;
    %flag_set/imm 4, 0;
    %store/vec4 v0x7fa8b5638010_0, 4, 1;
    %pushi/vec4 1, 0, 1;
    %ix/load 4, 3, 0;
    %flag_set/imm 4, 0;
    %store/vec4 v0x7fa8b5638010_0, 4, 1;
    %pushi/vec4 0, 0, 1;
    %ix/load 4, 0, 0;
    %flag_set/imm 4, 0;
    %store/vec4 v0x7fa8b56380c0_0, 4, 1;
    %pushi/vec4 1, 0, 1;
    %ix/load 4, 1, 0;
    %flag_set/imm 4, 0;
    %store/vec4 v0x7fa8b56380c0_0, 4, 1;
    %pushi/vec4 0, 0, 1;
    %ix/load 4, 2, 0;
    %flag_set/imm 4, 0;
    %store/vec4 v0x7fa8b56380c0_0, 4, 1;
    %pushi/vec4 1, 0, 1;
    %ix/load 4, 3, 0;
    %flag_set/imm 4, 0;
    %store/vec4 v0x7fa8b56380c0_0, 4, 1;
    %pushi/vec4 0, 0, 1;
    %store/vec4 v0x7fa8b5637e40_0, 0, 1;
    %delay 10, 0;
    %pushi/vec4 1, 0, 1;
    %ix/load 4, 0, 0;
    %flag_set/imm 4, 0;
    %store/vec4 v0x7fa8b5638010_0, 4, 1;
    %pushi/vec4 1, 0, 1;
    %ix/load 4, 1, 0;
    %flag_set/imm 4, 0;
    %store/vec4 v0x7fa8b5638010_0, 4, 1;
    %pushi/vec4 0, 0, 1;
    %ix/load 4, 2, 0;
    %flag_set/imm 4, 0;
    %store/vec4 v0x7fa8b5638010_0, 4, 1;
    %pushi/vec4 0, 0, 1;
    %ix/load 4, 3, 0;
    %flag_set/imm 4, 0;
    %store/vec4 v0x7fa8b5638010_0, 4, 1;
    %pushi/vec4 0, 0, 1;
    %ix/load 4, 0, 0;
    %flag_set/imm 4, 0;
    %store/vec4 v0x7fa8b56380c0_0, 4, 1;
    %pushi/vec4 0, 0, 1;
    %ix/load 4, 1, 0;
    %flag_set/imm 4, 0;
    %store/vec4 v0x7fa8b56380c0_0, 4, 1;
    %pushi/vec4 0, 0, 1;
    %ix/load 4, 2, 0;
    %flag_set/imm 4, 0;
    %store/vec4 v0x7fa8b56380c0_0, 4, 1;
    %pushi/vec4 0, 0, 1;
    %ix/load 4, 3, 0;
    %flag_set/imm 4, 0;
    %store/vec4 v0x7fa8b56380c0_0, 4, 1;
    %pushi/vec4 0, 0, 1;
    %store/vec4 v0x7fa8b5637e40_0, 0, 1;
    %delay 10, 0;
    %pushi/vec4 0, 0, 1;
    %ix/load 4, 0, 0;
    %flag_set/imm 4, 0;
    %store/vec4 v0x7fa8b5638010_0, 4, 1;
    %pushi/vec4 0, 0, 1;
    %ix/load 4, 1, 0;
    %flag_set/imm 4, 0;
    %store/vec4 v0x7fa8b5638010_0, 4, 1;
    %pushi/vec4 0, 0, 1;
    %ix/load 4, 2, 0;
    %flag_set/imm 4, 0;
    %store/vec4 v0x7fa8b5638010_0, 4, 1;
    %pushi/vec4 1, 0, 1;
    %ix/load 4, 3, 0;
    %flag_set/imm 4, 0;
    %store/vec4 v0x7fa8b5638010_0, 4, 1;
    %pushi/vec4 0, 0, 1;
    %ix/load 4, 0, 0;
    %flag_set/imm 4, 0;
    %store/vec4 v0x7fa8b56380c0_0, 4, 1;
    %pushi/vec4 1, 0, 1;
    %ix/load 4, 1, 0;
    %flag_set/imm 4, 0;
    %store/vec4 v0x7fa8b56380c0_0, 4, 1;
    %pushi/vec4 0, 0, 1;
    %ix/load 4, 2, 0;
    %flag_set/imm 4, 0;
    %store/vec4 v0x7fa8b56380c0_0, 4, 1;
    %pushi/vec4 1, 0, 1;
    %ix/load 4, 3, 0;
    %flag_set/imm 4, 0;
    %store/vec4 v0x7fa8b56380c0_0, 4, 1;
    %pushi/vec4 0, 0, 1;
    %store/vec4 v0x7fa8b5637e40_0, 0, 1;
    %delay 10, 0;
    %pushi/vec4 1, 0, 1;
    %ix/load 4, 0, 0;
    %flag_set/imm 4, 0;
    %store/vec4 v0x7fa8b5638010_0, 4, 1;
    %pushi/vec4 1, 0, 1;
    %ix/load 4, 1, 0;
    %flag_set/imm 4, 0;
    %store/vec4 v0x7fa8b5638010_0, 4, 1;
    %pushi/vec4 0, 0, 1;
    %ix/load 4, 2, 0;
    %flag_set/imm 4, 0;
    %store/vec4 v0x7fa8b5638010_0, 4, 1;
    %pushi/vec4 1, 0, 1;
    %ix/load 4, 3, 0;
    %flag_set/imm 4, 0;
    %store/vec4 v0x7fa8b5638010_0, 4, 1;
    %pushi/vec4 0, 0, 1;
    %ix/load 4, 0, 0;
    %flag_set/imm 4, 0;
    %store/vec4 v0x7fa8b56380c0_0, 4, 1;
    %pushi/vec4 1, 0, 1;
    %ix/load 4, 1, 0;
    %flag_set/imm 4, 0;
    %store/vec4 v0x7fa8b56380c0_0, 4, 1;
    %pushi/vec4 1, 0, 1;
    %ix/load 4, 2, 0;
    %flag_set/imm 4, 0;
    %store/vec4 v0x7fa8b56380c0_0, 4, 1;
    %pushi/vec4 0, 0, 1;
    %ix/load 4, 3, 0;
    %flag_set/imm 4, 0;
    %store/vec4 v0x7fa8b56380c0_0, 4, 1;
    %pushi/vec4 0, 0, 1;
    %store/vec4 v0x7fa8b5637e40_0, 0, 1;
    %delay 10, 0;
    %vpi_call 2 25 "$finish" {0 0 0};
    %end;
    .thread T_0;
# The file index is used to find the file name in the following table.
:file_names 4;
    "N/A";
    "<interactive>";
    "SIM-TaskThree.v";
    "./TaskThree.v";
