#! /usr/local/Cellar/icarus-verilog/11.0/bin/vvp
:ivl_version "11.0 (stable)";
:ivl_delay_selection "TYPICAL";
:vpi_time_precision - 1;
:vpi_module "/usr/local/Cellar/icarus-verilog/11.0/lib/ivl/system.vpi";
:vpi_module "/usr/local/Cellar/icarus-verilog/11.0/lib/ivl/vhdl_sys.vpi";
:vpi_module "/usr/local/Cellar/icarus-verilog/11.0/lib/ivl/vhdl_textio.vpi";
:vpi_module "/usr/local/Cellar/icarus-verilog/11.0/lib/ivl/v2005_math.vpi";
:vpi_module "/usr/local/Cellar/icarus-verilog/11.0/lib/ivl/va_math.vpi";
S_0x7f7f77511820 .scope module, "TaskSix_tb" "TaskSix_tb" 2 5;
 .timescale 0 -1;
v0x7f7f77526630_0 .var "A_0", 3 0;
v0x7f7f775266c0_0 .var "A_1", 3 0;
v0x7f7f77526750_0 .var "B_0", 3 0;
v0x7f7f775267e0_0 .var "B_1", 3 0;
v0x7f7f77526870_0 .net "O_0", 3 0, L_0x7f7f77527980;  1 drivers
v0x7f7f77526940_0 .net "O_1", 3 0, L_0x7f7f77528c60;  1 drivers
v0x7f7f775269f0_0 .net "O_2", 3 0, L_0x7f7f77528e20;  1 drivers
S_0x7f7f77514570 .scope module, "Z1" "TaskSix" 2 16, 3 1 0, S_0x7f7f77511820;
 .timescale 0 -1;
    .port_info 0 /INPUT 4 "aZero";
    .port_info 1 /INPUT 4 "aOne";
    .port_info 2 /INPUT 4 "bZero";
    .port_info 3 /INPUT 4 "bOne";
    .port_info 4 /OUTPUT 4 "carry";
    .port_info 5 /OUTPUT 4 "Tens";
    .port_info 6 /OUTPUT 4 "Ones";
v0x7f7f77508db0_0 .net "Ones", 3 0, L_0x7f7f77527980;  alias, 1 drivers
v0x7f7f77523db0_0 .net "Te", 4 0, L_0x7f7f77526d40;  1 drivers
v0x7f7f77523e50_0 .net "Tens", 3 0, L_0x7f7f77528c60;  alias, 1 drivers
v0x7f7f77523f00_0 .net "Z", 3 0, L_0x7f7f775271a0;  1 drivers
v0x7f7f77523fb0_0 .net *"_ivl_0", 4 0, L_0x7f7f77526aa0;  1 drivers
v0x7f7f775240a0_0 .net *"_ivl_10", 31 0, L_0x7f7f77526e80;  1 drivers
L_0x7f7f77663680 .functor BUFT 1, C4<000>, C4<0>, C4<0>, C4<0>;
v0x7f7f77524150_0 .net *"_ivl_103", 2 0, L_0x7f7f77663680;  1 drivers
L_0x7f7f77663098 .functor BUFT 1, C4<000000000000000000000000000>, C4<0>, C4<0>, C4<0>;
v0x7f7f77524200_0 .net *"_ivl_13", 26 0, L_0x7f7f77663098;  1 drivers
L_0x7f7f776630e0 .functor BUFT 1, C4<00000000000000000000000000001001>, C4<0>, C4<0>, C4<0>;
v0x7f7f775242b0_0 .net/2u *"_ivl_14", 31 0, L_0x7f7f776630e0;  1 drivers
v0x7f7f775243c0_0 .net *"_ivl_16", 0 0, L_0x7f7f77526ff0;  1 drivers
L_0x7f7f77663128 .functor BUFT 1, C4<1010>, C4<0>, C4<0>, C4<0>;
v0x7f7f77524460_0 .net/2u *"_ivl_18", 3 0, L_0x7f7f77663128;  1 drivers
L_0x7f7f77663170 .functor BUFT 1, C4<0000>, C4<0>, C4<0>, C4<0>;
v0x7f7f77524510_0 .net/2u *"_ivl_20", 3 0, L_0x7f7f77663170;  1 drivers
v0x7f7f775245c0_0 .net *"_ivl_24", 31 0, L_0x7f7f77527300;  1 drivers
L_0x7f7f776631b8 .functor BUFT 1, C4<000000000000000000000000000>, C4<0>, C4<0>, C4<0>;
v0x7f7f77524670_0 .net *"_ivl_27", 26 0, L_0x7f7f776631b8;  1 drivers
L_0x7f7f77663200 .functor BUFT 1, C4<00000000000000000000000000001001>, C4<0>, C4<0>, C4<0>;
v0x7f7f77524720_0 .net/2u *"_ivl_28", 31 0, L_0x7f7f77663200;  1 drivers
L_0x7f7f77663008 .functor BUFT 1, C4<0>, C4<0>, C4<0>, C4<0>;
v0x7f7f775247d0_0 .net *"_ivl_3", 0 0, L_0x7f7f77663008;  1 drivers
v0x7f7f77524880_0 .net *"_ivl_30", 0 0, L_0x7f7f77527420;  1 drivers
L_0x7f7f77663248 .functor BUFT 1, C4<0001>, C4<0>, C4<0>, C4<0>;
v0x7f7f77524a10_0 .net/2u *"_ivl_32", 3 0, L_0x7f7f77663248;  1 drivers
L_0x7f7f77663290 .functor BUFT 1, C4<0000>, C4<0>, C4<0>, C4<0>;
v0x7f7f77524aa0_0 .net/2u *"_ivl_34", 3 0, L_0x7f7f77663290;  1 drivers
v0x7f7f77524b40_0 .net *"_ivl_38", 4 0, L_0x7f7f775276e0;  1 drivers
v0x7f7f77524bf0_0 .net *"_ivl_4", 4 0, L_0x7f7f77526c00;  1 drivers
L_0x7f7f776632d8 .functor BUFT 1, C4<0>, C4<0>, C4<0>, C4<0>;
v0x7f7f77524ca0_0 .net *"_ivl_41", 0 0, L_0x7f7f776632d8;  1 drivers
v0x7f7f77524d50_0 .net *"_ivl_42", 4 0, L_0x7f7f77527800;  1 drivers
v0x7f7f77524e00_0 .net *"_ivl_46", 4 0, L_0x7f7f77527a60;  1 drivers
L_0x7f7f77663320 .functor BUFT 1, C4<0>, C4<0>, C4<0>, C4<0>;
v0x7f7f77524eb0_0 .net *"_ivl_49", 0 0, L_0x7f7f77663320;  1 drivers
v0x7f7f77524f60_0 .net *"_ivl_50", 4 0, L_0x7f7f77527bf0;  1 drivers
L_0x7f7f77663368 .functor BUFT 1, C4<0>, C4<0>, C4<0>, C4<0>;
v0x7f7f77525010_0 .net *"_ivl_53", 0 0, L_0x7f7f77663368;  1 drivers
v0x7f7f775250c0_0 .net *"_ivl_54", 4 0, L_0x7f7f77527cd0;  1 drivers
v0x7f7f77525170_0 .net *"_ivl_56", 4 0, L_0x7f7f77527e90;  1 drivers
L_0x7f7f776633b0 .functor BUFT 1, C4<0>, C4<0>, C4<0>, C4<0>;
v0x7f7f77525220_0 .net *"_ivl_59", 0 0, L_0x7f7f776633b0;  1 drivers
v0x7f7f775252d0_0 .net *"_ivl_62", 31 0, L_0x7f7f77528140;  1 drivers
L_0x7f7f776633f8 .functor BUFT 1, C4<000000000000000000000000000>, C4<0>, C4<0>, C4<0>;
v0x7f7f77525380_0 .net *"_ivl_65", 26 0, L_0x7f7f776633f8;  1 drivers
L_0x7f7f77663440 .functor BUFT 1, C4<00000000000000000000000000001001>, C4<0>, C4<0>, C4<0>;
v0x7f7f77525430_0 .net/2u *"_ivl_66", 31 0, L_0x7f7f77663440;  1 drivers
v0x7f7f77524930_0 .net *"_ivl_68", 0 0, L_0x7f7f775281e0;  1 drivers
L_0x7f7f77663050 .functor BUFT 1, C4<0>, C4<0>, C4<0>, C4<0>;
v0x7f7f775256c0_0 .net *"_ivl_7", 0 0, L_0x7f7f77663050;  1 drivers
L_0x7f7f77663488 .functor BUFT 1, C4<1010>, C4<0>, C4<0>, C4<0>;
v0x7f7f77525750_0 .net/2u *"_ivl_70", 3 0, L_0x7f7f77663488;  1 drivers
L_0x7f7f776634d0 .functor BUFT 1, C4<0000>, C4<0>, C4<0>, C4<0>;
v0x7f7f775257e0_0 .net/2u *"_ivl_72", 3 0, L_0x7f7f776634d0;  1 drivers
v0x7f7f77525890_0 .net *"_ivl_76", 31 0, L_0x7f7f77528540;  1 drivers
L_0x7f7f77663518 .functor BUFT 1, C4<000000000000000000000000000>, C4<0>, C4<0>, C4<0>;
v0x7f7f77525940_0 .net *"_ivl_79", 26 0, L_0x7f7f77663518;  1 drivers
L_0x7f7f77663560 .functor BUFT 1, C4<00000000000000000000000000001001>, C4<0>, C4<0>, C4<0>;
v0x7f7f775259f0_0 .net/2u *"_ivl_80", 31 0, L_0x7f7f77663560;  1 drivers
v0x7f7f77525aa0_0 .net *"_ivl_82", 0 0, L_0x7f7f77528300;  1 drivers
L_0x7f7f776635a8 .functor BUFT 1, C4<0001>, C4<0>, C4<0>, C4<0>;
v0x7f7f77525b40_0 .net/2u *"_ivl_84", 3 0, L_0x7f7f776635a8;  1 drivers
L_0x7f7f776635f0 .functor BUFT 1, C4<0000>, C4<0>, C4<0>, C4<0>;
v0x7f7f77525bf0_0 .net/2u *"_ivl_86", 3 0, L_0x7f7f776635f0;  1 drivers
v0x7f7f77525ca0_0 .net *"_ivl_88", 3 0, L_0x7f7f77528710;  1 drivers
v0x7f7f77525d50_0 .net *"_ivl_92", 4 0, L_0x7f7f77528990;  1 drivers
L_0x7f7f77663638 .functor BUFT 1, C4<0>, C4<0>, C4<0>, C4<0>;
v0x7f7f77525e00_0 .net *"_ivl_95", 0 0, L_0x7f7f77663638;  1 drivers
v0x7f7f77525eb0_0 .net *"_ivl_96", 4 0, L_0x7f7f775287b0;  1 drivers
v0x7f7f77525f60_0 .net "aOne", 3 0, v0x7f7f775266c0_0;  1 drivers
v0x7f7f77526010_0 .net "aZero", 3 0, v0x7f7f77526630_0;  1 drivers
v0x7f7f775260c0_0 .net "bOne", 3 0, v0x7f7f775267e0_0;  1 drivers
v0x7f7f77526170_0 .net "bZero", 3 0, v0x7f7f77526750_0;  1 drivers
v0x7f7f77526220_0 .net "c1", 3 0, L_0x7f7f775275c0;  1 drivers
v0x7f7f775262d0_0 .net "c2", 0 0, L_0x7f7f775288b0;  1 drivers
v0x7f7f77526370_0 .net "carry", 3 0, L_0x7f7f77528e20;  alias, 1 drivers
v0x7f7f77526420_0 .net "tAgain", 4 0, L_0x7f7f77527f70;  1 drivers
v0x7f7f775264d0_0 .net "zAgain", 3 0, L_0x7f7f775284a0;  1 drivers
L_0x7f7f77526aa0 .concat [ 4 1 0 0], v0x7f7f77526630_0, L_0x7f7f77663008;
L_0x7f7f77526c00 .concat [ 4 1 0 0], v0x7f7f77526750_0, L_0x7f7f77663050;
L_0x7f7f77526d40 .arith/sum 5, L_0x7f7f77526aa0, L_0x7f7f77526c00;
L_0x7f7f77526e80 .concat [ 5 27 0 0], L_0x7f7f77526d40, L_0x7f7f77663098;
L_0x7f7f77526ff0 .cmp/gt 32, L_0x7f7f77526e80, L_0x7f7f776630e0;
L_0x7f7f775271a0 .functor MUXZ 4, L_0x7f7f77663170, L_0x7f7f77663128, L_0x7f7f77526ff0, C4<>;
L_0x7f7f77527300 .concat [ 5 27 0 0], L_0x7f7f77526d40, L_0x7f7f776631b8;
L_0x7f7f77527420 .cmp/gt 32, L_0x7f7f77527300, L_0x7f7f77663200;
L_0x7f7f775275c0 .functor MUXZ 4, L_0x7f7f77663290, L_0x7f7f77663248, L_0x7f7f77527420, C4<>;
L_0x7f7f775276e0 .concat [ 4 1 0 0], L_0x7f7f775271a0, L_0x7f7f776632d8;
L_0x7f7f77527800 .arith/sub 5, L_0x7f7f77526d40, L_0x7f7f775276e0;
L_0x7f7f77527980 .part L_0x7f7f77527800, 0, 4;
L_0x7f7f77527a60 .concat [ 4 1 0 0], v0x7f7f775266c0_0, L_0x7f7f77663320;
L_0x7f7f77527bf0 .concat [ 4 1 0 0], v0x7f7f775267e0_0, L_0x7f7f77663368;
L_0x7f7f77527cd0 .arith/sum 5, L_0x7f7f77527a60, L_0x7f7f77527bf0;
L_0x7f7f77527e90 .concat [ 4 1 0 0], L_0x7f7f775275c0, L_0x7f7f776633b0;
L_0x7f7f77527f70 .arith/sum 5, L_0x7f7f77527cd0, L_0x7f7f77527e90;
L_0x7f7f77528140 .concat [ 5 27 0 0], L_0x7f7f77527f70, L_0x7f7f776633f8;
L_0x7f7f775281e0 .cmp/gt 32, L_0x7f7f77528140, L_0x7f7f77663440;
L_0x7f7f775284a0 .functor MUXZ 4, L_0x7f7f776634d0, L_0x7f7f77663488, L_0x7f7f775281e0, C4<>;
L_0x7f7f77528540 .concat [ 5 27 0 0], L_0x7f7f77527f70, L_0x7f7f77663518;
L_0x7f7f77528300 .cmp/gt 32, L_0x7f7f77528540, L_0x7f7f77663560;
L_0x7f7f77528710 .functor MUXZ 4, L_0x7f7f776635f0, L_0x7f7f776635a8, L_0x7f7f77528300, C4<>;
L_0x7f7f775288b0 .part L_0x7f7f77528710, 0, 1;
L_0x7f7f77528990 .concat [ 4 1 0 0], L_0x7f7f775284a0, L_0x7f7f77663638;
L_0x7f7f775287b0 .arith/sub 5, L_0x7f7f77527f70, L_0x7f7f77528990;
L_0x7f7f77528c60 .part L_0x7f7f775287b0, 0, 4;
L_0x7f7f77528e20 .concat [ 1 3 0 0], L_0x7f7f775288b0, L_0x7f7f77663680;
    .scope S_0x7f7f77511820;
T_0 ;
    %vpi_call 2 20 "$dumpfile", "SIM-TaskSix.vcd" {0 0 0};
    %vpi_call 2 21 "$dumpvars", 32'sb00000000000000000000000000000000, S_0x7f7f77511820 {0 0 0};
    %pushi/vec4 7, 0, 4;
    %store/vec4 v0x7f7f77526630_0, 0, 4;
    %pushi/vec4 7, 0, 4;
    %store/vec4 v0x7f7f775266c0_0, 0, 4;
    %pushi/vec4 6, 0, 4;
    %store/vec4 v0x7f7f77526750_0, 0, 4;
    %pushi/vec4 4, 0, 4;
    %store/vec4 v0x7f7f775267e0_0, 0, 4;
    %delay 10, 0;
    %pushi/vec4 7, 0, 4;
    %store/vec4 v0x7f7f77526630_0, 0, 4;
    %pushi/vec4 6, 0, 4;
    %store/vec4 v0x7f7f775266c0_0, 0, 4;
    %pushi/vec4 5, 0, 4;
    %store/vec4 v0x7f7f77526750_0, 0, 4;
    %pushi/vec4 5, 0, 4;
    %store/vec4 v0x7f7f775267e0_0, 0, 4;
    %delay 10, 0;
    %pushi/vec4 4, 0, 4;
    %store/vec4 v0x7f7f77526630_0, 0, 4;
    %pushi/vec4 3, 0, 4;
    %store/vec4 v0x7f7f775266c0_0, 0, 4;
    %pushi/vec4 9, 0, 4;
    %store/vec4 v0x7f7f77526750_0, 0, 4;
    %pushi/vec4 9, 0, 4;
    %store/vec4 v0x7f7f775267e0_0, 0, 4;
    %delay 10, 0;
    %pushi/vec4 9, 0, 4;
    %store/vec4 v0x7f7f77526630_0, 0, 4;
    %pushi/vec4 9, 0, 4;
    %store/vec4 v0x7f7f775266c0_0, 0, 4;
    %pushi/vec4 9, 0, 4;
    %store/vec4 v0x7f7f77526750_0, 0, 4;
    %pushi/vec4 6, 0, 4;
    %store/vec4 v0x7f7f775267e0_0, 0, 4;
    %delay 10, 0;
    %vpi_call 2 46 "$finish" {0 0 0};
    %end;
    .thread T_0;
# The file index is used to find the file name in the following table.
:file_names 4;
    "N/A";
    "<interactive>";
    "SIM-TaskSix.v";
    "./TaskSix.v";
