#! /usr/local/Cellar/icarus-verilog/11.0/bin/vvp
:ivl_version "11.0 (stable)";
:ivl_delay_selection "TYPICAL";
:vpi_time_precision - 1;
:vpi_module "/usr/local/Cellar/icarus-verilog/11.0/lib/ivl/system.vpi";
:vpi_module "/usr/local/Cellar/icarus-verilog/11.0/lib/ivl/vhdl_sys.vpi";
:vpi_module "/usr/local/Cellar/icarus-verilog/11.0/lib/ivl/vhdl_textio.vpi";
:vpi_module "/usr/local/Cellar/icarus-verilog/11.0/lib/ivl/v2005_math.vpi";
:vpi_module "/usr/local/Cellar/icarus-verilog/11.0/lib/ivl/va_math.vpi";
S_0x7f86ecc05c90 .scope module, "CircuitA" "CircuitA" 2 51;
 .timescale 0 -1;
    .port_info 0 /INPUT 4 "nibbleIn";
    .port_info 1 /OUTPUT 4 "nibbleOut";
L_0x7f86ecc1c940 .functor NOT 1, L_0x7f86ecc1c840, C4<0>, C4<0>, C4<0>;
L_0x7f86ecc1cbf0 .functor AND 1, L_0x7f86ecc1c9f0, L_0x7f86ecc1cab0, C4<1>, C4<1>;
v0x7f86ecc06270_0 .net *"_ivl_13", 0 0, L_0x7f86ecc1c9f0;  1 drivers
v0x7f86ecc162b0_0 .net *"_ivl_15", 0 0, L_0x7f86ecc1cab0;  1 drivers
v0x7f86ecc16350_0 .net *"_ivl_16", 0 0, L_0x7f86ecc1cbf0;  1 drivers
L_0x7f86ecf63008 .functor BUFT 1, C4<0>, C4<0>, C4<0>, C4<0>;
v0x7f86ecc16400_0 .net/2s *"_ivl_21", 0 0, L_0x7f86ecf63008;  1 drivers
v0x7f86ecc164b0_0 .net *"_ivl_3", 0 0, L_0x7f86ecc1c760;  1 drivers
v0x7f86ecc165a0_0 .net *"_ivl_7", 0 0, L_0x7f86ecc1c840;  1 drivers
v0x7f86ecc16650_0 .net *"_ivl_8", 0 0, L_0x7f86ecc1c940;  1 drivers
o0x7f86ecf32158 .functor BUFZ 4, C4<zzzz>; HiZ drive
v0x7f86ecc16700_0 .net "nibbleIn", 3 0, o0x7f86ecf32158;  0 drivers
v0x7f86ecc167b0_0 .net "nibbleOut", 3 0, L_0x7f86ecc1cce0;  1 drivers
L_0x7f86ecc1c760 .part o0x7f86ecf32158, 3, 1;
L_0x7f86ecc1c840 .part o0x7f86ecf32158, 2, 1;
L_0x7f86ecc1c9f0 .part o0x7f86ecf32158, 1, 1;
L_0x7f86ecc1cab0 .part o0x7f86ecf32158, 2, 1;
L_0x7f86ecc1cce0 .concat8 [ 1 1 1 1], L_0x7f86ecf63008, L_0x7f86ecc1cbf0, L_0x7f86ecc1c940, L_0x7f86ecc1c760;
S_0x7f86ecc05e00 .scope module, "CircuitB" "CircuitB" 2 78;
 .timescale 0 -1;
    .port_info 0 /INPUT 1 "trueIfTenPlus";
    .port_info 1 /OUTPUT 7 "HEX";
v0x7f86ecc1b4f0_0 .net "HEX", 6 0, L_0x7f86ecc218f0;  1 drivers
L_0x7f86ecf63050 .functor BUFT 1, C4<000>, C4<0>, C4<0>, C4<0>;
v0x7f86ecc1b580_0 .net *"_ivl_3", 2 0, L_0x7f86ecf63050;  1 drivers
o0x7f86ecf336b8 .functor BUFZ 1, C4<z>; HiZ drive
v0x7f86ecc1b610_0 .net "trueIfTenPlus", 0 0, o0x7f86ecf336b8;  0 drivers
v0x7f86ecc1b6a0_0 .net "w1", 3 0, L_0x7f86ecc1cea0;  1 drivers
L_0x7f86ecc1cea0 .concat [ 1 3 0 0], o0x7f86ecf336b8, L_0x7f86ecf63050;
S_0x7f86ecc168f0 .scope module, "U1" "hexDisplay" 2 86, 2 63 0, S_0x7f86ecc05e00;
 .timescale 0 -1;
    .port_info 0 /INPUT 4 "SWs";
    .port_info 1 /OUTPUT 7 "HEX";
L_0x7f86ecc1d180 .functor OR 1, L_0x7f86ecc1cfc0, L_0x7f86ecc1d060, C4<0>, C4<0>;
L_0x7f86ecc1d3b0 .functor AND 1, L_0x7f86ecc1d250, L_0x7f86ecc1d2f0, C4<1>, C4<1>;
L_0x7f86ecc1d4e0 .functor OR 1, L_0x7f86ecc1d180, L_0x7f86ecc1d3b0, C4<0>, C4<0>;
L_0x7f86ecc1d6a0 .functor NOT 1, L_0x7f86ecc1d5d0, C4<0>, C4<0>, C4<0>;
L_0x7f86ecc1d8f0 .functor NOT 1, L_0x7f86ecc1d750, C4<0>, C4<0>, C4<0>;
L_0x7f86ecc1d980 .functor AND 1, L_0x7f86ecc1d6a0, L_0x7f86ecc1d8f0, C4<1>, C4<1>;
L_0x7f86ecc1da70 .functor OR 1, L_0x7f86ecc1d4e0, L_0x7f86ecc1d980, C4<0>, C4<0>;
L_0x7f86ecc1db60 .functor NOT 1, L_0x7f86ecc1da70, C4<0>, C4<0>, C4<0>;
L_0x7f86ecc1dcf0 .functor NOT 1, L_0x7f86ecc1dc10, C4<0>, C4<0>, C4<0>;
L_0x7f86ecc1de90 .functor NOT 1, L_0x7f86ecc1ddf0, C4<0>, C4<0>, C4<0>;
L_0x7f86ecc1dff0 .functor NOT 1, L_0x7f86ecc1df00, C4<0>, C4<0>, C4<0>;
L_0x7f86ecc1e0e0 .functor AND 1, L_0x7f86ecc1de90, L_0x7f86ecc1dff0, C4<1>, C4<1>;
L_0x7f86ecc1e1b0 .functor OR 1, L_0x7f86ecc1dcf0, L_0x7f86ecc1e0e0, C4<0>, C4<0>;
L_0x7f86ecc1e450 .functor AND 1, L_0x7f86ecc1e310, L_0x7f86ecc1e3b0, C4<1>, C4<1>;
L_0x7f86ecc1e540 .functor OR 1, L_0x7f86ecc1e1b0, L_0x7f86ecc1e450, C4<0>, C4<0>;
L_0x7f86ecc1e2a0 .functor NOT 1, L_0x7f86ecc1e540, C4<0>, C4<0>, C4<0>;
L_0x7f86ecc1e8a0 .functor NOT 1, L_0x7f86ecc1e790, C4<0>, C4<0>, C4<0>;
L_0x7f86ecc1e9c0 .functor OR 1, L_0x7f86ecc1e6f0, L_0x7f86ecc1e8a0, C4<0>, C4<0>;
L_0x7f86ecc1d7f0 .functor OR 1, L_0x7f86ecc1e9c0, L_0x7f86ecc1ea30, C4<0>, C4<0>;
L_0x7f86ecc1edb0 .functor NOT 1, L_0x7f86ecc1d7f0, C4<0>, C4<0>, C4<0>;
L_0x7f86ecc1e830 .functor NOT 1, L_0x7f86ecc1ee20, C4<0>, C4<0>, C4<0>;
L_0x7f86ecc1eff0 .functor NOT 1, L_0x7f86ecc1ed10, C4<0>, C4<0>, C4<0>;
L_0x7f86ecc1f0a0 .functor AND 1, L_0x7f86ecc1e830, L_0x7f86ecc1eff0, C4<1>, C4<1>;
L_0x7f86ecc1f310 .functor NOT 1, L_0x7f86ecc1ef50, C4<0>, C4<0>, C4<0>;
L_0x7f86ecc1f3e0 .functor AND 1, L_0x7f86ecc1f270, L_0x7f86ecc1f310, C4<1>, C4<1>;
L_0x7f86ecc1f5c0 .functor OR 1, L_0x7f86ecc1f0a0, L_0x7f86ecc1f3e0, C4<0>, C4<0>;
L_0x7f86ecc1eec0 .functor NOT 1, L_0x7f86ecc1f770, C4<0>, C4<0>, C4<0>;
L_0x7f86ecc1f8f0 .functor AND 1, L_0x7f86ecc1f630, L_0x7f86ecc1eec0, C4<1>, C4<1>;
L_0x7f86ecc1fad0 .functor AND 1, L_0x7f86ecc1f8f0, L_0x7f86ecc1f980, C4<1>, C4<1>;
L_0x7f86ecc1fc30 .functor OR 1, L_0x7f86ecc1f5c0, L_0x7f86ecc1fad0, C4<0>, C4<0>;
L_0x7f86ecc1fd40 .functor NOT 1, L_0x7f86ecc1fca0, C4<0>, C4<0>, C4<0>;
L_0x7f86ecc1ff50 .functor AND 1, L_0x7f86ecc1fd40, L_0x7f86ecc1feb0, C4<1>, C4<1>;
L_0x7f86ecc1fa60 .functor OR 1, L_0x7f86ecc1fc30, L_0x7f86ecc1ff50, C4<0>, C4<0>;
L_0x7f86ecc20150 .functor OR 1, L_0x7f86ecc1fa60, L_0x7f86ecc1fdb0, C4<0>, C4<0>;
L_0x7f86ecc20200 .functor NOT 1, L_0x7f86ecc20150, C4<0>, C4<0>, C4<0>;
L_0x7f86ecc200e0 .functor NOT 1, L_0x7f86ecc20040, C4<0>, C4<0>, C4<0>;
L_0x7f86ecc1fb80 .functor NOT 1, L_0x7f86ecc204a0, C4<0>, C4<0>, C4<0>;
L_0x7f86ecc202b0 .functor AND 1, L_0x7f86ecc200e0, L_0x7f86ecc1fb80, C4<1>, C4<1>;
L_0x7f86ecc203c0 .functor NOT 1, L_0x7f86ecc20850, C4<0>, C4<0>, C4<0>;
L_0x7f86ecc205a0 .functor AND 1, L_0x7f86ecc206d0, L_0x7f86ecc203c0, C4<1>, C4<1>;
L_0x7f86ecc20a30 .functor OR 1, L_0x7f86ecc202b0, L_0x7f86ecc205a0, C4<0>, C4<0>;
L_0x7f86ecc208f0 .functor NOT 1, L_0x7f86ecc20a30, C4<0>, C4<0>, C4<0>;
L_0x7f86ecc209a0 .functor NOT 1, L_0x7f86ecc20e00, C4<0>, C4<0>, C4<0>;
L_0x7f86ecc207b0 .functor NOT 1, L_0x7f86ecc1ec30, C4<0>, C4<0>, C4<0>;
L_0x7f86ecc20d10 .functor AND 1, L_0x7f86ecc209a0, L_0x7f86ecc207b0, C4<1>, C4<1>;
L_0x7f86ecc1ead0 .functor OR 1, L_0x7f86ecc20c70, L_0x7f86ecc20d10, C4<0>, C4<0>;
L_0x7f86ecc1ebc0 .functor NOT 1, L_0x7f86ecc210b0, C4<0>, C4<0>, C4<0>;
L_0x7f86ecc20b80 .functor AND 1, L_0x7f86ecc21010, L_0x7f86ecc1ebc0, C4<1>, C4<1>;
L_0x7f86ecc20f20 .functor OR 1, L_0x7f86ecc1ead0, L_0x7f86ecc20b80, C4<0>, C4<0>;
L_0x7f86ecc21150 .functor NOT 1, L_0x7f86ecc21490, C4<0>, C4<0>, C4<0>;
L_0x7f86ecc21650 .functor AND 1, L_0x7f86ecc213f0, L_0x7f86ecc21150, C4<1>, C4<1>;
L_0x7f86ecc21240 .functor OR 1, L_0x7f86ecc20f20, L_0x7f86ecc21650, C4<0>, C4<0>;
L_0x7f86ecc21330 .functor NOT 1, L_0x7f86ecc21240, C4<0>, C4<0>, C4<0>;
L_0x7f86ecc215d0 .functor NOT 1, L_0x7f86ecc21d60, C4<0>, C4<0>, C4<0>;
L_0x7f86ecc21c70 .functor AND 1, L_0x7f86ecc21530, L_0x7f86ecc215d0, C4<1>, C4<1>;
L_0x7f86ecc21740 .functor OR 1, L_0x7f86ecc21b90, L_0x7f86ecc21c70, C4<0>, C4<0>;
L_0x7f86ecc22100 .functor NOT 1, L_0x7f86ecc21830, C4<0>, C4<0>, C4<0>;
L_0x7f86ecc21fe0 .functor AND 1, L_0x7f86ecc22100, L_0x7f86ecc21f40, C4<1>, C4<1>;
L_0x7f86ecc21e00 .functor OR 1, L_0x7f86ecc21740, L_0x7f86ecc21fe0, C4<0>, C4<0>;
L_0x7f86ecc222f0 .functor NOT 1, L_0x7f86ecc22250, C4<0>, C4<0>, C4<0>;
L_0x7f86ecc22360 .functor AND 1, L_0x7f86ecc221b0, L_0x7f86ecc222f0, C4<1>, C4<1>;
L_0x7f86ecc22450 .functor OR 1, L_0x7f86ecc21e00, L_0x7f86ecc22360, C4<0>, C4<0>;
L_0x7f86ecc22540 .functor NOT 1, L_0x7f86ecc22450, C4<0>, C4<0>, C4<0>;
v0x7f86ecc16ab0_0 .net "HEX", 6 0, L_0x7f86ecc218f0;  alias, 1 drivers
v0x7f86ecc16b70_0 .net "SWs", 3 0, L_0x7f86ecc1cea0;  alias, 1 drivers
v0x7f86ecc16c20_0 .net *"_ivl_100", 0 0, L_0x7f86ecc1eec0;  1 drivers
v0x7f86ecc16ce0_0 .net *"_ivl_102", 0 0, L_0x7f86ecc1f8f0;  1 drivers
v0x7f86ecc16d90_0 .net *"_ivl_105", 0 0, L_0x7f86ecc1f980;  1 drivers
v0x7f86ecc16e80_0 .net *"_ivl_106", 0 0, L_0x7f86ecc1fad0;  1 drivers
v0x7f86ecc16f30_0 .net *"_ivl_108", 0 0, L_0x7f86ecc1fc30;  1 drivers
v0x7f86ecc16fe0_0 .net *"_ivl_11", 0 0, L_0x7f86ecc1d2f0;  1 drivers
v0x7f86ecc17090_0 .net *"_ivl_111", 0 0, L_0x7f86ecc1fca0;  1 drivers
v0x7f86ecc171a0_0 .net *"_ivl_112", 0 0, L_0x7f86ecc1fd40;  1 drivers
v0x7f86ecc17250_0 .net *"_ivl_115", 0 0, L_0x7f86ecc1feb0;  1 drivers
v0x7f86ecc17300_0 .net *"_ivl_116", 0 0, L_0x7f86ecc1ff50;  1 drivers
v0x7f86ecc173b0_0 .net *"_ivl_118", 0 0, L_0x7f86ecc1fa60;  1 drivers
v0x7f86ecc17460_0 .net *"_ivl_12", 0 0, L_0x7f86ecc1d3b0;  1 drivers
v0x7f86ecc17510_0 .net *"_ivl_121", 0 0, L_0x7f86ecc1fdb0;  1 drivers
v0x7f86ecc175c0_0 .net *"_ivl_122", 0 0, L_0x7f86ecc20150;  1 drivers
v0x7f86ecc17670_0 .net *"_ivl_124", 0 0, L_0x7f86ecc20200;  1 drivers
v0x7f86ecc17800_0 .net *"_ivl_129", 0 0, L_0x7f86ecc20040;  1 drivers
v0x7f86ecc17890_0 .net *"_ivl_130", 0 0, L_0x7f86ecc200e0;  1 drivers
v0x7f86ecc17940_0 .net *"_ivl_133", 0 0, L_0x7f86ecc204a0;  1 drivers
v0x7f86ecc179f0_0 .net *"_ivl_134", 0 0, L_0x7f86ecc1fb80;  1 drivers
v0x7f86ecc17aa0_0 .net *"_ivl_136", 0 0, L_0x7f86ecc202b0;  1 drivers
v0x7f86ecc17b50_0 .net *"_ivl_139", 0 0, L_0x7f86ecc206d0;  1 drivers
v0x7f86ecc17c00_0 .net *"_ivl_14", 0 0, L_0x7f86ecc1d4e0;  1 drivers
v0x7f86ecc17cb0_0 .net *"_ivl_141", 0 0, L_0x7f86ecc20850;  1 drivers
v0x7f86ecc17d60_0 .net *"_ivl_142", 0 0, L_0x7f86ecc203c0;  1 drivers
v0x7f86ecc17e10_0 .net *"_ivl_144", 0 0, L_0x7f86ecc205a0;  1 drivers
v0x7f86ecc17ec0_0 .net *"_ivl_146", 0 0, L_0x7f86ecc20a30;  1 drivers
v0x7f86ecc17f70_0 .net *"_ivl_148", 0 0, L_0x7f86ecc208f0;  1 drivers
v0x7f86ecc18020_0 .net *"_ivl_153", 0 0, L_0x7f86ecc20c70;  1 drivers
v0x7f86ecc180d0_0 .net *"_ivl_155", 0 0, L_0x7f86ecc20e00;  1 drivers
v0x7f86ecc18180_0 .net *"_ivl_156", 0 0, L_0x7f86ecc209a0;  1 drivers
v0x7f86ecc18230_0 .net *"_ivl_159", 0 0, L_0x7f86ecc1ec30;  1 drivers
v0x7f86ecc17720_0 .net *"_ivl_160", 0 0, L_0x7f86ecc207b0;  1 drivers
v0x7f86ecc184c0_0 .net *"_ivl_162", 0 0, L_0x7f86ecc20d10;  1 drivers
v0x7f86ecc18550_0 .net *"_ivl_164", 0 0, L_0x7f86ecc1ead0;  1 drivers
v0x7f86ecc185f0_0 .net *"_ivl_167", 0 0, L_0x7f86ecc21010;  1 drivers
v0x7f86ecc186a0_0 .net *"_ivl_169", 0 0, L_0x7f86ecc210b0;  1 drivers
v0x7f86ecc18750_0 .net *"_ivl_17", 0 0, L_0x7f86ecc1d5d0;  1 drivers
v0x7f86ecc18800_0 .net *"_ivl_170", 0 0, L_0x7f86ecc1ebc0;  1 drivers
v0x7f86ecc188b0_0 .net *"_ivl_172", 0 0, L_0x7f86ecc20b80;  1 drivers
v0x7f86ecc18960_0 .net *"_ivl_174", 0 0, L_0x7f86ecc20f20;  1 drivers
v0x7f86ecc18a10_0 .net *"_ivl_177", 0 0, L_0x7f86ecc213f0;  1 drivers
v0x7f86ecc18ac0_0 .net *"_ivl_179", 0 0, L_0x7f86ecc21490;  1 drivers
v0x7f86ecc18b70_0 .net *"_ivl_18", 0 0, L_0x7f86ecc1d6a0;  1 drivers
v0x7f86ecc18c20_0 .net *"_ivl_180", 0 0, L_0x7f86ecc21150;  1 drivers
v0x7f86ecc18cd0_0 .net *"_ivl_182", 0 0, L_0x7f86ecc21650;  1 drivers
v0x7f86ecc18d80_0 .net *"_ivl_184", 0 0, L_0x7f86ecc21240;  1 drivers
v0x7f86ecc18e30_0 .net *"_ivl_186", 0 0, L_0x7f86ecc21330;  1 drivers
v0x7f86ecc18ee0_0 .net *"_ivl_192", 0 0, L_0x7f86ecc21b90;  1 drivers
v0x7f86ecc18f90_0 .net *"_ivl_194", 0 0, L_0x7f86ecc21530;  1 drivers
v0x7f86ecc19040_0 .net *"_ivl_196", 0 0, L_0x7f86ecc21d60;  1 drivers
v0x7f86ecc190f0_0 .net *"_ivl_197", 0 0, L_0x7f86ecc215d0;  1 drivers
v0x7f86ecc191a0_0 .net *"_ivl_199", 0 0, L_0x7f86ecc21c70;  1 drivers
v0x7f86ecc19250_0 .net *"_ivl_201", 0 0, L_0x7f86ecc21740;  1 drivers
v0x7f86ecc19300_0 .net *"_ivl_204", 0 0, L_0x7f86ecc21830;  1 drivers
v0x7f86ecc193b0_0 .net *"_ivl_205", 0 0, L_0x7f86ecc22100;  1 drivers
v0x7f86ecc19460_0 .net *"_ivl_208", 0 0, L_0x7f86ecc21f40;  1 drivers
v0x7f86ecc19510_0 .net *"_ivl_209", 0 0, L_0x7f86ecc21fe0;  1 drivers
v0x7f86ecc195c0_0 .net *"_ivl_21", 0 0, L_0x7f86ecc1d750;  1 drivers
v0x7f86ecc19670_0 .net *"_ivl_211", 0 0, L_0x7f86ecc21e00;  1 drivers
v0x7f86ecc19720_0 .net *"_ivl_214", 0 0, L_0x7f86ecc221b0;  1 drivers
v0x7f86ecc197d0_0 .net *"_ivl_216", 0 0, L_0x7f86ecc22250;  1 drivers
v0x7f86ecc19880_0 .net *"_ivl_217", 0 0, L_0x7f86ecc222f0;  1 drivers
v0x7f86ecc19930_0 .net *"_ivl_219", 0 0, L_0x7f86ecc22360;  1 drivers
v0x7f86ecc182e0_0 .net *"_ivl_22", 0 0, L_0x7f86ecc1d8f0;  1 drivers
v0x7f86ecc18390_0 .net *"_ivl_221", 0 0, L_0x7f86ecc22450;  1 drivers
v0x7f86ecc199c0_0 .net *"_ivl_223", 0 0, L_0x7f86ecc22540;  1 drivers
v0x7f86ecc19a50_0 .net *"_ivl_24", 0 0, L_0x7f86ecc1d980;  1 drivers
v0x7f86ecc19ae0_0 .net *"_ivl_26", 0 0, L_0x7f86ecc1da70;  1 drivers
v0x7f86ecc19b70_0 .net *"_ivl_28", 0 0, L_0x7f86ecc1db60;  1 drivers
v0x7f86ecc19c00_0 .net *"_ivl_3", 0 0, L_0x7f86ecc1cfc0;  1 drivers
v0x7f86ecc19cb0_0 .net *"_ivl_33", 0 0, L_0x7f86ecc1dc10;  1 drivers
v0x7f86ecc19d60_0 .net *"_ivl_34", 0 0, L_0x7f86ecc1dcf0;  1 drivers
v0x7f86ecc19e10_0 .net *"_ivl_37", 0 0, L_0x7f86ecc1ddf0;  1 drivers
v0x7f86ecc19ec0_0 .net *"_ivl_38", 0 0, L_0x7f86ecc1de90;  1 drivers
v0x7f86ecc19f70_0 .net *"_ivl_41", 0 0, L_0x7f86ecc1df00;  1 drivers
v0x7f86ecc1a020_0 .net *"_ivl_42", 0 0, L_0x7f86ecc1dff0;  1 drivers
v0x7f86ecc1a0d0_0 .net *"_ivl_44", 0 0, L_0x7f86ecc1e0e0;  1 drivers
v0x7f86ecc1a180_0 .net *"_ivl_46", 0 0, L_0x7f86ecc1e1b0;  1 drivers
v0x7f86ecc1a230_0 .net *"_ivl_49", 0 0, L_0x7f86ecc1e310;  1 drivers
v0x7f86ecc1a2e0_0 .net *"_ivl_5", 0 0, L_0x7f86ecc1d060;  1 drivers
v0x7f86ecc1a390_0 .net *"_ivl_51", 0 0, L_0x7f86ecc1e3b0;  1 drivers
v0x7f86ecc1a440_0 .net *"_ivl_52", 0 0, L_0x7f86ecc1e450;  1 drivers
v0x7f86ecc1a4f0_0 .net *"_ivl_54", 0 0, L_0x7f86ecc1e540;  1 drivers
v0x7f86ecc1a5a0_0 .net *"_ivl_56", 0 0, L_0x7f86ecc1e2a0;  1 drivers
v0x7f86ecc1a650_0 .net *"_ivl_6", 0 0, L_0x7f86ecc1d180;  1 drivers
v0x7f86ecc1a700_0 .net *"_ivl_61", 0 0, L_0x7f86ecc1e6f0;  1 drivers
v0x7f86ecc1a7b0_0 .net *"_ivl_63", 0 0, L_0x7f86ecc1e790;  1 drivers
v0x7f86ecc1a860_0 .net *"_ivl_64", 0 0, L_0x7f86ecc1e8a0;  1 drivers
v0x7f86ecc1a910_0 .net *"_ivl_66", 0 0, L_0x7f86ecc1e9c0;  1 drivers
v0x7f86ecc1a9c0_0 .net *"_ivl_69", 0 0, L_0x7f86ecc1ea30;  1 drivers
v0x7f86ecc1aa70_0 .net *"_ivl_70", 0 0, L_0x7f86ecc1d7f0;  1 drivers
v0x7f86ecc1ab20_0 .net *"_ivl_72", 0 0, L_0x7f86ecc1edb0;  1 drivers
v0x7f86ecc1abd0_0 .net *"_ivl_77", 0 0, L_0x7f86ecc1ee20;  1 drivers
v0x7f86ecc1ac80_0 .net *"_ivl_78", 0 0, L_0x7f86ecc1e830;  1 drivers
v0x7f86ecc1ad30_0 .net *"_ivl_81", 0 0, L_0x7f86ecc1ed10;  1 drivers
v0x7f86ecc1ade0_0 .net *"_ivl_82", 0 0, L_0x7f86ecc1eff0;  1 drivers
v0x7f86ecc1ae90_0 .net *"_ivl_84", 0 0, L_0x7f86ecc1f0a0;  1 drivers
v0x7f86ecc1af40_0 .net *"_ivl_87", 0 0, L_0x7f86ecc1f270;  1 drivers
v0x7f86ecc1aff0_0 .net *"_ivl_89", 0 0, L_0x7f86ecc1ef50;  1 drivers
v0x7f86ecc1b0a0_0 .net *"_ivl_9", 0 0, L_0x7f86ecc1d250;  1 drivers
v0x7f86ecc1b150_0 .net *"_ivl_90", 0 0, L_0x7f86ecc1f310;  1 drivers
v0x7f86ecc1b200_0 .net *"_ivl_92", 0 0, L_0x7f86ecc1f3e0;  1 drivers
v0x7f86ecc1b2b0_0 .net *"_ivl_94", 0 0, L_0x7f86ecc1f5c0;  1 drivers
v0x7f86ecc1b360_0 .net *"_ivl_97", 0 0, L_0x7f86ecc1f630;  1 drivers
v0x7f86ecc1b410_0 .net *"_ivl_99", 0 0, L_0x7f86ecc1f770;  1 drivers
L_0x7f86ecc1cfc0 .part L_0x7f86ecc1cea0, 3, 1;
L_0x7f86ecc1d060 .part L_0x7f86ecc1cea0, 1, 1;
L_0x7f86ecc1d250 .part L_0x7f86ecc1cea0, 2, 1;
L_0x7f86ecc1d2f0 .part L_0x7f86ecc1cea0, 0, 1;
L_0x7f86ecc1d5d0 .part L_0x7f86ecc1cea0, 2, 1;
L_0x7f86ecc1d750 .part L_0x7f86ecc1cea0, 0, 1;
L_0x7f86ecc1dc10 .part L_0x7f86ecc1cea0, 2, 1;
L_0x7f86ecc1ddf0 .part L_0x7f86ecc1cea0, 1, 1;
L_0x7f86ecc1df00 .part L_0x7f86ecc1cea0, 0, 1;
L_0x7f86ecc1e310 .part L_0x7f86ecc1cea0, 1, 1;
L_0x7f86ecc1e3b0 .part L_0x7f86ecc1cea0, 0, 1;
L_0x7f86ecc1e6f0 .part L_0x7f86ecc1cea0, 2, 1;
L_0x7f86ecc1e790 .part L_0x7f86ecc1cea0, 1, 1;
L_0x7f86ecc1ea30 .part L_0x7f86ecc1cea0, 0, 1;
L_0x7f86ecc1ee20 .part L_0x7f86ecc1cea0, 2, 1;
L_0x7f86ecc1ed10 .part L_0x7f86ecc1cea0, 0, 1;
L_0x7f86ecc1f270 .part L_0x7f86ecc1cea0, 1, 1;
L_0x7f86ecc1ef50 .part L_0x7f86ecc1cea0, 0, 1;
L_0x7f86ecc1f630 .part L_0x7f86ecc1cea0, 2, 1;
L_0x7f86ecc1f770 .part L_0x7f86ecc1cea0, 1, 1;
L_0x7f86ecc1f980 .part L_0x7f86ecc1cea0, 0, 1;
L_0x7f86ecc1fca0 .part L_0x7f86ecc1cea0, 2, 1;
L_0x7f86ecc1feb0 .part L_0x7f86ecc1cea0, 1, 1;
L_0x7f86ecc1fdb0 .part L_0x7f86ecc1cea0, 3, 1;
L_0x7f86ecc20040 .part L_0x7f86ecc1cea0, 2, 1;
L_0x7f86ecc204a0 .part L_0x7f86ecc1cea0, 0, 1;
L_0x7f86ecc206d0 .part L_0x7f86ecc1cea0, 1, 1;
L_0x7f86ecc20850 .part L_0x7f86ecc1cea0, 0, 1;
L_0x7f86ecc20c70 .part L_0x7f86ecc1cea0, 3, 1;
L_0x7f86ecc20e00 .part L_0x7f86ecc1cea0, 1, 1;
L_0x7f86ecc1ec30 .part L_0x7f86ecc1cea0, 0, 1;
L_0x7f86ecc21010 .part L_0x7f86ecc1cea0, 2, 1;
L_0x7f86ecc210b0 .part L_0x7f86ecc1cea0, 1, 1;
L_0x7f86ecc213f0 .part L_0x7f86ecc1cea0, 2, 1;
L_0x7f86ecc21490 .part L_0x7f86ecc1cea0, 0, 1;
LS_0x7f86ecc218f0_0_0 .concat8 [ 1 1 1 1], L_0x7f86ecc1db60, L_0x7f86ecc1e2a0, L_0x7f86ecc1edb0, L_0x7f86ecc20200;
LS_0x7f86ecc218f0_0_4 .concat8 [ 1 1 1 0], L_0x7f86ecc208f0, L_0x7f86ecc21330, L_0x7f86ecc22540;
L_0x7f86ecc218f0 .concat8 [ 4 3 0 0], LS_0x7f86ecc218f0_0_0, LS_0x7f86ecc218f0_0_4;
L_0x7f86ecc21b90 .part L_0x7f86ecc1cea0, 3, 1;
L_0x7f86ecc21530 .part L_0x7f86ecc1cea0, 2, 1;
L_0x7f86ecc21d60 .part L_0x7f86ecc1cea0, 1, 1;
L_0x7f86ecc21830 .part L_0x7f86ecc1cea0, 2, 1;
L_0x7f86ecc21f40 .part L_0x7f86ecc1cea0, 1, 1;
L_0x7f86ecc221b0 .part L_0x7f86ecc1cea0, 1, 1;
L_0x7f86ecc22250 .part L_0x7f86ecc1cea0, 0, 1;
S_0x7f86ecc05f70 .scope module, "TaskTwo" "TaskTwo" 2 30;
 .timescale 0 -1;
    .port_info 0 /INPUT 4 "SW";
    .port_info 1 /OUTPUT 1 "a";
o0x7f86ecf33808 .functor BUFZ 4, C4<zzzz>; HiZ drive
v0x7f86ecc1be00_0 .net "SW", 3 0, o0x7f86ecf33808;  0 drivers
v0x7f86ecc1beb0_0 .net "a", 0 0, L_0x7f86ecc22cf0;  1 drivers
S_0x7f86ecc1b760 .scope module, "U1" "Comparator" 2 35, 2 41 0, S_0x7f86ecc05f70;
 .timescale 0 -1;
    .port_info 0 /INPUT 4 "nibble";
    .port_info 1 /OUTPUT 1 "trueIfTenPlus";
L_0x7f86ecc22630 .functor OR 1, L_0x7f86ecc22ab0, L_0x7f86ecc22b50, C4<0>, C4<0>;
L_0x7f86ecc22cf0 .functor AND 1, L_0x7f86ecc22a10, L_0x7f86ecc22630, C4<1>, C4<1>;
v0x7f86ecc1b960_0 .net *"_ivl_1", 0 0, L_0x7f86ecc22a10;  1 drivers
v0x7f86ecc1ba20_0 .net *"_ivl_3", 0 0, L_0x7f86ecc22ab0;  1 drivers
v0x7f86ecc1bad0_0 .net *"_ivl_5", 0 0, L_0x7f86ecc22b50;  1 drivers
v0x7f86ecc1bb90_0 .net *"_ivl_6", 0 0, L_0x7f86ecc22630;  1 drivers
v0x7f86ecc1bc40_0 .net "nibble", 3 0, o0x7f86ecf33808;  alias, 0 drivers
v0x7f86ecc1bd30_0 .net "trueIfTenPlus", 0 0, L_0x7f86ecc22cf0;  alias, 1 drivers
L_0x7f86ecc22a10 .part o0x7f86ecf33808, 3, 1;
L_0x7f86ecc22ab0 .part o0x7f86ecf33808, 2, 1;
L_0x7f86ecc22b50 .part o0x7f86ecf33808, 1, 1;
S_0x7f86ecc06100 .scope module, "TaskTwo_tb" "TaskTwo_tb" 3 5;
 .timescale 0 -1;
v0x7f86ecc1c600_0 .var "a", 3 0;
v0x7f86ecc1c6b0_0 .net "b", 0 0, L_0x7f86ecc23170;  1 drivers
S_0x7f86ecc1bf60 .scope module, "iand2" "Comparator" 3 10, 2 41 0, S_0x7f86ecc06100;
 .timescale 0 -1;
    .port_info 0 /INPUT 4 "nibble";
    .port_info 1 /OUTPUT 1 "trueIfTenPlus";
L_0x7f86ecc230c0 .functor OR 1, L_0x7f86ecc22f00, L_0x7f86ecc22fa0, C4<0>, C4<0>;
L_0x7f86ecc23170 .functor AND 1, L_0x7f86ecc22e20, L_0x7f86ecc230c0, C4<1>, C4<1>;
v0x7f86ecc1c160_0 .net *"_ivl_1", 0 0, L_0x7f86ecc22e20;  1 drivers
v0x7f86ecc1c220_0 .net *"_ivl_3", 0 0, L_0x7f86ecc22f00;  1 drivers
v0x7f86ecc1c2d0_0 .net *"_ivl_5", 0 0, L_0x7f86ecc22fa0;  1 drivers
v0x7f86ecc1c390_0 .net *"_ivl_6", 0 0, L_0x7f86ecc230c0;  1 drivers
v0x7f86ecc1c440_0 .net "nibble", 3 0, v0x7f86ecc1c600_0;  1 drivers
v0x7f86ecc1c530_0 .net "trueIfTenPlus", 0 0, L_0x7f86ecc23170;  alias, 1 drivers
L_0x7f86ecc22e20 .part v0x7f86ecc1c600_0, 3, 1;
L_0x7f86ecc22f00 .part v0x7f86ecc1c600_0, 2, 1;
L_0x7f86ecc22fa0 .part v0x7f86ecc1c600_0, 1, 1;
    .scope S_0x7f86ecc06100;
T_0 ;
    %vpi_call 3 13 "$monitor", "a3=%b, a2=%b, a1=%b, a0=%b, b=%b", &PV<v0x7f86ecc1c600_0, 3, 1>, &PV<v0x7f86ecc1c600_0, 2, 1>, &PV<v0x7f86ecc1c600_0, 1, 1>, &PV<v0x7f86ecc1c600_0, 0, 1>, v0x7f86ecc1c6b0_0 {0 0 0};
    %vpi_call 3 14 "$dumpfile", "TaskTwoSim.vcd" {0 0 0};
    %vpi_call 3 15 "$dumpvars", 32'sb00000000000000000000000000000000, S_0x7f86ecc06100 {0 0 0};
    %pushi/vec4 0, 0, 1;
    %ix/load 4, 3, 0;
    %flag_set/imm 4, 0;
    %store/vec4 v0x7f86ecc1c600_0, 4, 1;
    %pushi/vec4 0, 0, 1;
    %ix/load 4, 2, 0;
    %flag_set/imm 4, 0;
    %store/vec4 v0x7f86ecc1c600_0, 4, 1;
    %pushi/vec4 0, 0, 1;
    %ix/load 4, 1, 0;
    %flag_set/imm 4, 0;
    %store/vec4 v0x7f86ecc1c600_0, 4, 1;
    %pushi/vec4 0, 0, 1;
    %ix/load 4, 0, 0;
    %flag_set/imm 4, 0;
    %store/vec4 v0x7f86ecc1c600_0, 4, 1;
    %delay 10, 0;
    %pushi/vec4 0, 0, 1;
    %ix/load 4, 3, 0;
    %flag_set/imm 4, 0;
    %store/vec4 v0x7f86ecc1c600_0, 4, 1;
    %pushi/vec4 0, 0, 1;
    %ix/load 4, 2, 0;
    %flag_set/imm 4, 0;
    %store/vec4 v0x7f86ecc1c600_0, 4, 1;
    %pushi/vec4 0, 0, 1;
    %ix/load 4, 1, 0;
    %flag_set/imm 4, 0;
    %store/vec4 v0x7f86ecc1c600_0, 4, 1;
    %pushi/vec4 1, 0, 1;
    %ix/load 4, 0, 0;
    %flag_set/imm 4, 0;
    %store/vec4 v0x7f86ecc1c600_0, 4, 1;
    %delay 10, 0;
    %pushi/vec4 0, 0, 1;
    %ix/load 4, 3, 0;
    %flag_set/imm 4, 0;
    %store/vec4 v0x7f86ecc1c600_0, 4, 1;
    %pushi/vec4 0, 0, 1;
    %ix/load 4, 2, 0;
    %flag_set/imm 4, 0;
    %store/vec4 v0x7f86ecc1c600_0, 4, 1;
    %pushi/vec4 1, 0, 1;
    %ix/load 4, 1, 0;
    %flag_set/imm 4, 0;
    %store/vec4 v0x7f86ecc1c600_0, 4, 1;
    %pushi/vec4 0, 0, 1;
    %ix/load 4, 0, 0;
    %flag_set/imm 4, 0;
    %store/vec4 v0x7f86ecc1c600_0, 4, 1;
    %delay 10, 0;
    %pushi/vec4 0, 0, 1;
    %ix/load 4, 3, 0;
    %flag_set/imm 4, 0;
    %store/vec4 v0x7f86ecc1c600_0, 4, 1;
    %pushi/vec4 0, 0, 1;
    %ix/load 4, 2, 0;
    %flag_set/imm 4, 0;
    %store/vec4 v0x7f86ecc1c600_0, 4, 1;
    %pushi/vec4 1, 0, 1;
    %ix/load 4, 1, 0;
    %flag_set/imm 4, 0;
    %store/vec4 v0x7f86ecc1c600_0, 4, 1;
    %pushi/vec4 1, 0, 1;
    %ix/load 4, 0, 0;
    %flag_set/imm 4, 0;
    %store/vec4 v0x7f86ecc1c600_0, 4, 1;
    %delay 10, 0;
    %pushi/vec4 0, 0, 1;
    %ix/load 4, 3, 0;
    %flag_set/imm 4, 0;
    %store/vec4 v0x7f86ecc1c600_0, 4, 1;
    %pushi/vec4 1, 0, 1;
    %ix/load 4, 2, 0;
    %flag_set/imm 4, 0;
    %store/vec4 v0x7f86ecc1c600_0, 4, 1;
    %pushi/vec4 0, 0, 1;
    %ix/load 4, 1, 0;
    %flag_set/imm 4, 0;
    %store/vec4 v0x7f86ecc1c600_0, 4, 1;
    %pushi/vec4 0, 0, 1;
    %ix/load 4, 0, 0;
    %flag_set/imm 4, 0;
    %store/vec4 v0x7f86ecc1c600_0, 4, 1;
    %delay 10, 0;
    %pushi/vec4 0, 0, 1;
    %ix/load 4, 3, 0;
    %flag_set/imm 4, 0;
    %store/vec4 v0x7f86ecc1c600_0, 4, 1;
    %pushi/vec4 1, 0, 1;
    %ix/load 4, 2, 0;
    %flag_set/imm 4, 0;
    %store/vec4 v0x7f86ecc1c600_0, 4, 1;
    %pushi/vec4 0, 0, 1;
    %ix/load 4, 1, 0;
    %flag_set/imm 4, 0;
    %store/vec4 v0x7f86ecc1c600_0, 4, 1;
    %pushi/vec4 1, 0, 1;
    %ix/load 4, 0, 0;
    %flag_set/imm 4, 0;
    %store/vec4 v0x7f86ecc1c600_0, 4, 1;
    %delay 10, 0;
    %pushi/vec4 0, 0, 1;
    %ix/load 4, 3, 0;
    %flag_set/imm 4, 0;
    %store/vec4 v0x7f86ecc1c600_0, 4, 1;
    %pushi/vec4 1, 0, 1;
    %ix/load 4, 2, 0;
    %flag_set/imm 4, 0;
    %store/vec4 v0x7f86ecc1c600_0, 4, 1;
    %pushi/vec4 1, 0, 1;
    %ix/load 4, 1, 0;
    %flag_set/imm 4, 0;
    %store/vec4 v0x7f86ecc1c600_0, 4, 1;
    %pushi/vec4 0, 0, 1;
    %ix/load 4, 0, 0;
    %flag_set/imm 4, 0;
    %store/vec4 v0x7f86ecc1c600_0, 4, 1;
    %delay 10, 0;
    %pushi/vec4 0, 0, 1;
    %ix/load 4, 3, 0;
    %flag_set/imm 4, 0;
    %store/vec4 v0x7f86ecc1c600_0, 4, 1;
    %pushi/vec4 1, 0, 1;
    %ix/load 4, 2, 0;
    %flag_set/imm 4, 0;
    %store/vec4 v0x7f86ecc1c600_0, 4, 1;
    %pushi/vec4 1, 0, 1;
    %ix/load 4, 1, 0;
    %flag_set/imm 4, 0;
    %store/vec4 v0x7f86ecc1c600_0, 4, 1;
    %pushi/vec4 1, 0, 1;
    %ix/load 4, 0, 0;
    %flag_set/imm 4, 0;
    %store/vec4 v0x7f86ecc1c600_0, 4, 1;
    %delay 10, 0;
    %pushi/vec4 1, 0, 1;
    %ix/load 4, 3, 0;
    %flag_set/imm 4, 0;
    %store/vec4 v0x7f86ecc1c600_0, 4, 1;
    %pushi/vec4 0, 0, 1;
    %ix/load 4, 2, 0;
    %flag_set/imm 4, 0;
    %store/vec4 v0x7f86ecc1c600_0, 4, 1;
    %pushi/vec4 0, 0, 1;
    %ix/load 4, 1, 0;
    %flag_set/imm 4, 0;
    %store/vec4 v0x7f86ecc1c600_0, 4, 1;
    %pushi/vec4 0, 0, 1;
    %ix/load 4, 0, 0;
    %flag_set/imm 4, 0;
    %store/vec4 v0x7f86ecc1c600_0, 4, 1;
    %delay 10, 0;
    %pushi/vec4 1, 0, 1;
    %ix/load 4, 3, 0;
    %flag_set/imm 4, 0;
    %store/vec4 v0x7f86ecc1c600_0, 4, 1;
    %pushi/vec4 0, 0, 1;
    %ix/load 4, 2, 0;
    %flag_set/imm 4, 0;
    %store/vec4 v0x7f86ecc1c600_0, 4, 1;
    %pushi/vec4 0, 0, 1;
    %ix/load 4, 1, 0;
    %flag_set/imm 4, 0;
    %store/vec4 v0x7f86ecc1c600_0, 4, 1;
    %pushi/vec4 1, 0, 1;
    %ix/load 4, 0, 0;
    %flag_set/imm 4, 0;
    %store/vec4 v0x7f86ecc1c600_0, 4, 1;
    %delay 10, 0;
    %pushi/vec4 1, 0, 1;
    %ix/load 4, 3, 0;
    %flag_set/imm 4, 0;
    %store/vec4 v0x7f86ecc1c600_0, 4, 1;
    %pushi/vec4 0, 0, 1;
    %ix/load 4, 2, 0;
    %flag_set/imm 4, 0;
    %store/vec4 v0x7f86ecc1c600_0, 4, 1;
    %pushi/vec4 1, 0, 1;
    %ix/load 4, 1, 0;
    %flag_set/imm 4, 0;
    %store/vec4 v0x7f86ecc1c600_0, 4, 1;
    %pushi/vec4 0, 0, 1;
    %ix/load 4, 0, 0;
    %flag_set/imm 4, 0;
    %store/vec4 v0x7f86ecc1c600_0, 4, 1;
    %delay 10, 0;
    %pushi/vec4 1, 0, 1;
    %ix/load 4, 3, 0;
    %flag_set/imm 4, 0;
    %store/vec4 v0x7f86ecc1c600_0, 4, 1;
    %pushi/vec4 0, 0, 1;
    %ix/load 4, 2, 0;
    %flag_set/imm 4, 0;
    %store/vec4 v0x7f86ecc1c600_0, 4, 1;
    %pushi/vec4 1, 0, 1;
    %ix/load 4, 1, 0;
    %flag_set/imm 4, 0;
    %store/vec4 v0x7f86ecc1c600_0, 4, 1;
    %pushi/vec4 1, 0, 1;
    %ix/load 4, 0, 0;
    %flag_set/imm 4, 0;
    %store/vec4 v0x7f86ecc1c600_0, 4, 1;
    %delay 10, 0;
    %pushi/vec4 1, 0, 1;
    %ix/load 4, 3, 0;
    %flag_set/imm 4, 0;
    %store/vec4 v0x7f86ecc1c600_0, 4, 1;
    %pushi/vec4 1, 0, 1;
    %ix/load 4, 2, 0;
    %flag_set/imm 4, 0;
    %store/vec4 v0x7f86ecc1c600_0, 4, 1;
    %pushi/vec4 0, 0, 1;
    %ix/load 4, 1, 0;
    %flag_set/imm 4, 0;
    %store/vec4 v0x7f86ecc1c600_0, 4, 1;
    %pushi/vec4 0, 0, 1;
    %ix/load 4, 0, 0;
    %flag_set/imm 4, 0;
    %store/vec4 v0x7f86ecc1c600_0, 4, 1;
    %delay 10, 0;
    %pushi/vec4 1, 0, 1;
    %ix/load 4, 3, 0;
    %flag_set/imm 4, 0;
    %store/vec4 v0x7f86ecc1c600_0, 4, 1;
    %pushi/vec4 1, 0, 1;
    %ix/load 4, 2, 0;
    %flag_set/imm 4, 0;
    %store/vec4 v0x7f86ecc1c600_0, 4, 1;
    %pushi/vec4 0, 0, 1;
    %ix/load 4, 1, 0;
    %flag_set/imm 4, 0;
    %store/vec4 v0x7f86ecc1c600_0, 4, 1;
    %pushi/vec4 1, 0, 1;
    %ix/load 4, 0, 0;
    %flag_set/imm 4, 0;
    %store/vec4 v0x7f86ecc1c600_0, 4, 1;
    %delay 10, 0;
    %pushi/vec4 1, 0, 1;
    %ix/load 4, 3, 0;
    %flag_set/imm 4, 0;
    %store/vec4 v0x7f86ecc1c600_0, 4, 1;
    %pushi/vec4 1, 0, 1;
    %ix/load 4, 2, 0;
    %flag_set/imm 4, 0;
    %store/vec4 v0x7f86ecc1c600_0, 4, 1;
    %pushi/vec4 1, 0, 1;
    %ix/load 4, 1, 0;
    %flag_set/imm 4, 0;
    %store/vec4 v0x7f86ecc1c600_0, 4, 1;
    %pushi/vec4 0, 0, 1;
    %ix/load 4, 0, 0;
    %flag_set/imm 4, 0;
    %store/vec4 v0x7f86ecc1c600_0, 4, 1;
    %delay 10, 0;
    %pushi/vec4 1, 0, 1;
    %ix/load 4, 3, 0;
    %flag_set/imm 4, 0;
    %store/vec4 v0x7f86ecc1c600_0, 4, 1;
    %pushi/vec4 1, 0, 1;
    %ix/load 4, 2, 0;
    %flag_set/imm 4, 0;
    %store/vec4 v0x7f86ecc1c600_0, 4, 1;
    %pushi/vec4 1, 0, 1;
    %ix/load 4, 1, 0;
    %flag_set/imm 4, 0;
    %store/vec4 v0x7f86ecc1c600_0, 4, 1;
    %pushi/vec4 1, 0, 1;
    %ix/load 4, 0, 0;
    %flag_set/imm 4, 0;
    %store/vec4 v0x7f86ecc1c600_0, 4, 1;
    %delay 10, 0;
    %vpi_call 3 33 "$finish" {0 0 0};
    %end;
    .thread T_0;
# The file index is used to find the file name in the following table.
:file_names 4;
    "N/A";
    "<interactive>";
    "./TaskTwo.v";
    "TaskTwoSim.v";
